<?xml version="1.0" encoding="UTF-8"?>
  <testsuites tests="129" disabled="47" errors="0" failures="50" time="5043.833219839">
      <testsuite name="MCP Gateway E2E Suite" package="/root/rhcl/mcp-gateway/tests/e2e" tests="129" disabled="0" skipped="47" errors="0" failures="50" time="5043.833219839" timestamp="2026-09-02T06:23:23">
          <properties>
              <property name="SuiteSucceeded" value="false"></property>
              <property name="SuiteHasProgrammaticFocus" value="false"></property>
              <property name="SpecialSuiteFailureReason" value=""></property>
              <property name="SuiteLabels" value="[]"></property>
              <property name="SuiteSemVerConstraints" value="[]"></property>
              <property name="SuiteComponentSemVerConstraints" value="[]"></property>
              <property name="RandomSeed" value="1788330201"></property>
              <property name="RandomizeAllSpecs" value="false"></property>
              <property name="LabelFilter" value=""></property>
              <property name="SemVerFilter" value=""></property>
              <property name="FocusStrings" value=""></property>
              <property name="SkipStrings" value=""></property>
              <property name="FocusFiles" value=""></property>
              <property name="SkipFiles" value=""></property>
              <property name="FailOnPending" value="false"></property>
              <property name="FailOnEmpty" value="false"></property>
              <property name="FailFast" value="false"></property>
              <property name="FlakeAttempts" value="0"></property>
              <property name="DryRun" value="false"></property>
              <property name="ParallelTotal" value="2"></property>
              <property name="OutputInterceptorMode" value=""></property>
          </properties>
          <testcase name="[SynchronizedBeforeSuite]" classname="MCP Gateway E2E Suite" status="passed" time="14.906506726">
              <system-err>&gt; Enter [SynchronizedBeforeSuite] TOP-LEVEL - /root/rhcl/mcp-gateway/tests/e2e/suite_test.go:123 @ 09/02/26 06:23:23.465&#xA;STEP: Checking test namespace exists - /root/rhcl/mcp-gateway/tests/e2e/suite_test.go:126 @ 09/02/26 06:23:23.534&#xA;STEP: Checking system namespace exists - /root/rhcl/mcp-gateway/tests/e2e/suite_test.go:133 @ 09/02/26 06:23:23.544&#xA;STEP: cleaning up all existing mcpserverregistrations - /root/rhcl/mcp-gateway/tests/e2e/suite_test.go:138 @ 09/02/26 06:23:23.555&#xA;STEP: cleaning up all http routes - /root/rhcl/mcp-gateway/tests/e2e/suite_test.go:144 @ 09/02/26 06:23:23.574&#xA;STEP: cleaning up all existing mcpgatewayextensions - /root/rhcl/mcp-gateway/tests/e2e/suite_test.go:148 @ 09/02/26 06:23:23.728&#xA;STEP: waiting for existing mcpgatewayextensions to be fully deleted - /root/rhcl/mcp-gateway/tests/e2e/suite_test.go:152 @ 09/02/26 06:23:23.739&#xA;STEP: adding HTTPS listener to the gateway - /root/rhcl/mcp-gateway/tests/e2e/suite_test.go:160 @ 09/02/26 06:23:23.749&#xA;STEP: waiting for gateway to be programmed - /root/rhcl/mcp-gateway/tests/e2e/suite_test.go:164 @ 09/02/26 06:23:24.023&#xA;STEP: setting up MCPGatewayExtension with ReferenceGrant - /root/rhcl/mcp-gateway/tests/e2e/suite_test.go:179 @ 09/02/26 06:23:24.033&#xA;Creating ReferenceGrant allow-mcp-gateway-extension in gateway-system&#xA;Creating MCPGatewayExtension mcp-gateway-extension in mcp-system&#xA;STEP: waiting for MCPGatewayExtension to become ready - /root/rhcl/mcp-gateway/tests/e2e/suite_test.go:192 @ 09/02/26 06:23:24.06&#xA;STEP: waiting for broker/router deployment to be ready - /root/rhcl/mcp-gateway/tests/e2e/suite_test.go:198 @ 09/02/26 06:23:37.17&#xA;STEP: setting caCertBundleRef so the 2025 hairpin client trusts the HTTPS listener - /root/rhcl/mcp-gateway/tests/e2e/suite_test.go:206 @ 09/02/26 06:23:37.189&#xA;&lt; Exit [SynchronizedBeforeSuite] TOP-LEVEL - /root/rhcl/mcp-gateway/tests/e2e/suite_test.go:123 @ 09/02/26 06:23:38.341 (14.876s)&#xA;&gt; Enter [SynchronizedBeforeSuite] TOP-LEVEL - /root/rhcl/mcp-gateway/tests/e2e/suite_test.go:123 @ 09/02/26 06:23:38.341&#xA;&lt; Exit [SynchronizedBeforeSuite] TOP-LEVEL - /root/rhcl/mcp-gateway/tests/e2e/suite_test.go:123 @ 09/02/26 06:23:38.371 (30ms)&#xA;</system-err>
          </testcase>
          <testcase name="[It] A2A Passthrough with --enable-a2a disabled (default) [A2A,Negative] leaves the A2A path inert until opted in [A2A]" classname="MCP Gateway E2E Suite" status="failed" time="27.120380786">
              <failure message="Unexpected error:&#xA;    &lt;*url.Error | 0x565139f67860&gt;: &#xA;    Post &#34;https://a2a.a2a-passthrough.apps.bocp-rhcl-mcp-1470.powervs-openshift-ipi.cis.ibm.net/a2a/a2a-test-agent&#34;: tls: failed to verify certificate: x509: certificate is valid for *.apps.bocp-rhcl-mcp-1470.powervs-openshift-ipi.cis.ibm.net, not a2a.a2a-passthrough.apps.bocp-rhcl-mcp-1470.powervs-openshift-ipi.cis.ibm.net&#xA;    {&#xA;        Op: &#34;Post&#34;,&#xA;        URL: &#34;https://a2a.a2a-passthrough.apps.bocp-rhcl-mcp-1470.powervs-openshift-ipi.cis.ibm.net/a2a/a2a-test-agent&#34;,&#xA;        Err: &lt;*tls.CertificateVerificationError | 0x565139f67830&gt;{&#xA;            UnverifiedCertificates: [&#xA;                {&#xA;                    Raw: [48, 130, 3, 173, 48, 130, 2, 149, 160, 3, 2, 1, 2, 2, 8, 77, 37, 118, 36, 195, 61, 82, 25, 48, 13, 6, 9, 42, 134, 72, 134, 247, 13, 1, 1, 11, 5, 0, 48, 38, 49, 36, 48, 34, 6, 3, 85, 4, 3, 12, 27, 105, 110, 103, 114, 101, 115, 115, 45, 111, 112, 101, 114, 97, 116, 111, 114, 64, 49, 55, 56, 55, 54, 51, 57, 57, 57, 49, 48, 30, 23, 13, 50, 54, 48, 56, 50, 53, 48, 54, 51, 57, 53, 49, 90, 23, 13, 50, 56, 48, 56, 50, 52, 48, 54, 51, 57, 53, 50, 90, 48, 70, 49, 68, 48, 66, 6, 3, 85, 4, 3, 12, 59, 42, 46, 97, 112, 112, 115, 46, 98, 111, 99, 112, 45, 114, 104, 99, 108, 45, 109, 99, 112, 45, 49, 52, 55, 48, 46, 112, 111, 119, 101, 114, 118, 115, 45, 111, 112, 101, 110, 115, 104, 105, 102, 116, 45, 105, 112, 105, 46, 99, 105, 115, 46, 105, 98, 109, 46, 110, 101, 116, 48, 130, 1, 34, 48, 13, 6, 9, 42, 134, 72, 134, 247, 13, 1, 1, 1, 5, 0, 3, 130, 1, 15, 0, 48, 130, 1, 10, 2, 130, 1, 1, 0, 196, 192, 95, 19, 143, 102, 100, 99, 124, 177, 136, 211, 255, 3, 101, 221, 114, 164, 142, 213, 131, 184, 217, 82, 150, 247, 183, 112, 190, 219, 221, 78, 22, 59, 219, 99, 94, 215, 155, 86, 83, 93, 67, 72, 221, 217, 38, 10, 218, 89, 20, 91, 159, 72, 236, 218, 230, 149, 13, 201, 217, 255, 49, 13, 83, 63, 56, 219, 154, 44, 202, 114, 186, 51, 242, 62, 150, 98, 206, 152, 67, 237, 105, 37, 36, 121, 235, 177, 56, 20, 54, 246, 135, 215, 204, 134, 88, 185, 199, 201, 207, 31, 75, 213, 144, 120, 202, 87, 178, 10, 180, 73, 27, 215, 245, 152, 92, 160, 105, 156, 71, 235, 102, 5, 207, 0, 197, 182, 206, 85, 52, 128, 192, 69, 170, 241, 93, 248, 81, 251, 75, 252, 147, 29, 184, 167, 115, 238, 142, 89, 160, 42, 28, 75, 57, 18, 231, 105, 47, 104, 60, 156, 55, 226, 246, 128, 133, 108, 219, 181, 139, 22, 12, 142, 73, 158, 169, 54, 151, 83, 182, 58, 220, 77, 127, 10, 90, 57, 47, 172, 234, 204, 201, 113, 254, 155, 20, 167, 116, 45, 143, 89, 153, 153, 252, 44, 170, 83, 110, 24, 39, 148, 95, 38, 9, 166, 195, 23, 142, 145, 216, 45, 197, 223, 173, 211, 206, 162, 160, 224, 51, 225, 247, 28, 238, 52, 28, 26, 167, 76, 33, 206, 13, 244, 138, 213, 153, 46, 46, 42, 171, 149, 219, 168, 155, 25, 2, 3, 1, 0, 1, 163, 129, 190, 48, 129, 187, 48, 14, 6, 3, 85, 29, 15, 1, 1, 255, 4, 4, 3, 2, 5, 160, 48, 19, 6, 3, 85, 29, 37, 4, 12, 48, 10, 6, 8, 43, 6, 1, 5, 5, 7, 3, 1, 48, 12, 6, 3, 85, 29, 19, 1, 1, 255, 4, 2, 48, 0, 48, 29, 6, 3, 85, 29, 14, 4, 22, 4, 20, 78, 67, 114, 179, 196, 215, 230, 248, 32, 178, 111, 2, 244, 174, 18, 249, 210, 174, 121, 15, 48, 31, 6, 3, 85, 29, 35, 4, 24, 48, 22, 128, 20, 153, 64, 189, 52, 21, 59, 126, 160, 155, 237, 56, 250, 48, 181, 177, 122, 179, 233, 250, 28, 48, 70, 6, 3, 85, 29, 17, 4, 63, 48, 61, 130, 59, 42, 46, 97, 112, 112, 115, 46, 98, 111, 99, 112, 45, 114, 104, 99, 108, 45, 109, 99, 112, 45, 49, 52, 55, 48, 46, 112, 111, 119, 101, 114, 118, 115, 45, 111, 112, 101, 110, 115, 104, 105, 102, 116, 45, 105, 112, 105, 46, 99, 105, 115, 46, 105, 98, 109, 46, 110, 101, 116, 48, 13, 6, 9, 42, 134, 72, 134, 247, 13, 1, 1, 11, 5, 0, 3, 130, 1, 1, 0, 37, 2, 87, 78, 255, 219, 81, 184, 43, 141, 54, 195, 231, 145, 16, 101, 81, 100, 2, 218, 73, 139, 51, 34, 189, 231, 65, 117, 5, 197, 179, 91, 4, 46, 175, 167, 161, 14, 24, 45, 253, 149, 75, 206, 62, 190, 241, 200, 137, 122, 51, 95, 233, 251, 159, 226, 108, 95, 16, 242, 133, 118, 5, 19, 216, 167, 201, 75, 78, 141, 48, 78, 190, 186, 50, 2, 128, 138, 125, 12, 221, 181, 21, 7, 240, 145, 180, 204, 114, 44, 251, 141, 19, 85, 181, 60, 136, 249, 97, 6, 17, 192, 29, 63, 7, 192, 28, 8, 46, 23, 40, 23, 70, 137, 196, 102, 186, 201, 236, 60, 32, 45, 48, 62, 95, 136, 15, 107, 39, 219, 165, 123, 115, 245, 44, 160, 156, 230, 166, 228, 149, 119, 38, 80, 164, 118, 69, 142, 144, 107, 185, 46, 44, 205, 10, 239, 9, 0, 123, 173, 179, 231, 167, 64, 237, 60, 170...&#xA;&#xA;Gomega truncated this representation as it exceeds &#39;format.MaxLength&#39;.&#xA;Consider having the object provide a custom &#39;GomegaStringer&#39; representation&#xA;or adjust the parameters in Gomega&#39;s &#39;format&#39; package.&#xA;&#xA;Learn more here: https://onsi.github.io/gomega/#adjusting-output&#xA;&#xA;occurred" type="failed">[FAILED] Unexpected error:&#xA;    &lt;*url.Error | 0x565139f67860&gt;: &#xA;    Post &#34;https://a2a.a2a-passthrough.apps.bocp-rhcl-mcp-1470.powervs-openshift-ipi.cis.ibm.net/a2a/a2a-test-agent&#34;: tls: failed to verify certificate: x509: certificate is valid for *.apps.bocp-rhcl-mcp-1470.powervs-openshift-ipi.cis.ibm.net, not a2a.a2a-passthrough.apps.bocp-rhcl-mcp-1470.powervs-openshift-ipi.cis.ibm.net&#xA;    {&#xA;        Op: &#34;Post&#34;,&#xA;        URL: &#34;https://a2a.a2a-passthrough.apps.bocp-rhcl-mcp-1470.powervs-openshift-ipi.cis.ibm.net/a2a/a2a-test-agent&#34;,&#xA;        Err: &lt;*tls.CertificateVerificationError | 0x565139f67830&gt;{&#xA;            UnverifiedCertificates: [&#xA;                {&#xA;                    Raw: [48, 130, 3, 173, 48, 130, 2, 149, 160, 3, 2, 1, 2, 2, 8, 77, 37, 118, 36, 195, 61, 82, 25, 48, 13, 6, 9, 42, 134, 72, 134, 247, 13, 1, 1, 11, 5, 0, 48, 38, 49, 36, 48, 34, 6, 3, 85, 4, 3, 12, 27, 105, 110, 103, 114, 101, 115, 115, 45, 111, 112, 101, 114, 97, 116, 111, 114, 64, 49, 55, 56, 55, 54, 51, 57, 57, 57, 49, 48, 30, 23, 13, 50, 54, 48, 56, 50, 53, 48, 54, 51, 57, 53, 49, 90, 23, 13, 50, 56, 48, 56, 50, 52, 48, 54, 51, 57, 53, 50, 90, 48, 70, 49, 68, 48, 66, 6, 3, 85, 4, 3, 12, 59, 42, 46, 97, 112, 112, 115, 46, 98, 111, 99, 112, 45, 114, 104, 99, 108, 45, 109, 99, 112, 45, 49, 52, 55, 48, 46, 112, 111, 119, 101, 114, 118, 115, 45, 111, 112, 101, 110, 115, 104, 105, 102, 116, 45, 105, 112, 105, 46, 99, 105, 115, 46, 105, 98, 109, 46, 110, 101, 116, 48, 130, 1, 34, 48, 13, 6, 9, 42, 134, 72, 134, 247, 13, 1, 1, 1, 5, 0, 3, 130, 1, 15, 0, 48, 130, 1, 10, 2, 130, 1, 1, 0, 196, 192, 95, 19, 143, 102, 100, 99, 124, 177, 136, 211, 255, 3, 101, 221, 114, 164, 142, 213, 131, 184, 217, 82, 150, 247, 183, 112, 190, 219, 221, 78, 22, 59, 219, 99, 94, 215, 155, 86, 83, 93, 67, 72, 221, 217, 38, 10, 218, 89, 20, 91, 159, 72, 236, 218, 230, 149, 13, 201, 217, 255, 49, 13, 83, 63, 56, 219, 154, 44, 202, 114, 186, 51, 242, 62, 150, 98, 206, 152, 67, 237, 105, 37, 36, 121, 235, 177, 56, 20, 54, 246, 135, 215, 204, 134, 88, 185, 199, 201, 207, 31, 75, 213, 144, 120, 202, 87, 178, 10, 180, 73, 27, 215, 245, 152, 92, 160, 105, 156, 71, 235, 102, 5, 207, 0, 197, 182, 206, 85, 52, 128, 192, 69, 170, 241, 93, 248, 81, 251, 75, 252, 147, 29, 184, 167, 115, 238, 142, 89, 160, 42, 28, 75, 57, 18, 231, 105, 47, 104, 60, 156, 55, 226, 246, 128, 133, 108, 219, 181, 139, 22, 12, 142, 73, 158, 169, 54, 151, 83, 182, 58, 220, 77, 127, 10, 90, 57, 47, 172, 234, 204, 201, 113, 254, 155, 20, 167, 116, 45, 143, 89, 153, 153, 252, 44, 170, 83, 110, 24, 39, 148, 95, 38, 9, 166, 195, 23, 142, 145, 216, 45, 197, 223, 173, 211, 206, 162, 160, 224, 51, 225, 247, 28, 238, 52, 28, 26, 167, 76, 33, 206, 13, 244, 138, 213, 153, 46, 46, 42, 171, 149, 219, 168, 155, 25, 2, 3, 1, 0, 1, 163, 129, 190, 48, 129, 187, 48, 14, 6, 3, 85, 29, 15, 1, 1, 255, 4, 4, 3, 2, 5, 160, 48, 19, 6, 3, 85, 29, 37, 4, 12, 48, 10, 6, 8, 43, 6, 1, 5, 5, 7, 3, 1, 48, 12, 6, 3, 85, 29, 19, 1, 1, 255, 4, 2, 48, 0, 48, 29, 6, 3, 85, 29, 14, 4, 22, 4, 20, 78, 67, 114, 179, 196, 215, 230, 248, 32, 178, 111, 2, 244, 174, 18, 249, 210, 174, 121, 15, 48, 31, 6, 3, 85, 29, 35, 4, 24, 48, 22, 128, 20, 153, 64, 189, 52, 21, 59, 126, 160, 155, 237, 56, 250, 48, 181, 177, 122, 179, 233, 250, 28, 48, 70, 6, 3, 85, 29, 17, 4, 63, 48, 61, 130, 59, 42, 46, 97, 112, 112, 115, 46, 98, 111, 99, 112, 45, 114, 104, 99, 108, 45, 109, 99, 112, 45, 49, 52, 55, 48, 46, 112, 111, 119, 101, 114, 118, 115, 45, 111, 112, 101, 110, 115, 104, 105, 102, 116, 45, 105, 112, 105, 46, 99, 105, 115, 46, 105, 98, 109, 46, 110, 101, 116, 48, 13, 6, 9, 42, 134, 72, 134, 247, 13, 1, 1, 11, 5, 0, 3, 130, 1, 1, 0, 37, 2, 87, 78, 255, 219, 81, 184, 43, 141, 54, 195, 231, 145, 16, 101, 81, 100, 2, 218, 73, 139, 51, 34, 189, 231, 65, 117, 5, 197, 179, 91, 4, 46, 175, 167, 161, 14, 24, 45, 253, 149, 75, 206, 62, 190, 241, 200, 137, 122, 51, 95, 233, 251, 159, 226, 108, 95, 16, 242, 133, 118, 5, 19, 216, 167, 201, 75, 78, 141, 48, 78, 190, 186, 50, 2, 128, 138, 125, 12, 221, 181, 21, 7, 240, 145, 180, 204, 114, 44, 251, 141, 19, 85, 181, 60, 136, 249, 97, 6, 17, 192, 29, 63, 7, 192, 28, 8, 46, 23, 40, 23, 70, 137, 196, 102, 186, 201, 236, 60, 32, 45, 48, 62, 95, 136, 15, 107, 39, 219, 165, 123, 115, 245, 44, 160, 156, 230, 166, 228, 149, 119, 38, 80, 164, 118, 69, 142, 144, 107, 185, 46, 44, 205, 10, 239, 9, 0, 123, 173, 179, 231, 167, 64, 237, 60, 170...&#xA;&#xA;Gomega truncated this representation as it exceeds &#39;format.MaxLength&#39;.&#xA;Consider having the object provide a custom &#39;GomegaStringer&#39; representation&#xA;or adjust the parameters in Gomega&#39;s &#39;format&#39; package.&#xA;&#xA;Learn more here: https://onsi.github.io/gomega/#adjusting-output&#xA;&#xA;occurred&#xA;In [It] at: /root/rhcl/mcp-gateway/tests/e2e/a2a_passthrough_test.go:80 @ 09/02/26 06:24:03.989&#xA;</failure>
              <system-err>&gt; Enter [BeforeAll] A2A Passthrough - /root/rhcl/mcp-gateway/tests/e2e/a2a_passthrough_test.go:156 @ 09/02/26 06:23:38.373&#xA;STEP: Creating the a2a-passthrough namespace - /root/rhcl/mcp-gateway/tests/e2e/a2a_passthrough_test.go:157 @ 09/02/26 06:23:38.373&#xA;STEP: Creating a dedicated MCPGatewayExtension on the a2a-passthrough listener - /root/rhcl/mcp-gateway/tests/e2e/a2a_passthrough_test.go:166 @ 09/02/26 06:23:38.385&#xA;Deleting existing namespace mcp-a2a-passthrough&#xA;Creating namespace mcp-a2a-passthrough with labels map[e2e:test]&#xA;Creating ReferenceGrant allow-a2a-passthrough-ext in gateway-system&#xA;Creating MCPGatewayExtension a2a-passthrough-ext in mcp-a2a-passthrough&#xA;STEP: Waiting for the dedicated broker-router deployment - /root/rhcl/mcp-gateway/tests/e2e/a2a_passthrough_test.go:180 @ 09/02/26 06:24:01.713&#xA;STEP: Registering an MCP server for the regression check - /root/rhcl/mcp-gateway/tests/e2e/a2a_passthrough_test.go:185 @ 09/02/26 06:24:01.867&#xA;creating ReferenceGrant e2e-refgrant-a2a-mcp-reg-f674e221&#xA;creating HTTPRoute e2e-route-a2a-mcp-reg-a9640145&#xA;creating MCPServerRegistration e2e-mcp-a2a-mcp-reg-c30b8e38&#xA;STEP: Authoring the /a2a/{agent} HTTPRoute with a path rewrite to the agent&#39;s /a2a - /root/rhcl/mcp-gateway/tests/e2e/a2a_passthrough_test.go:200 @ 09/02/26 06:24:02.938&#xA;STEP: Waiting for the route to be accepted by the gateway - /root/rhcl/mcp-gateway/tests/e2e/a2a_passthrough_test.go:250 @ 09/02/26 06:24:02.953&#xA;&lt; Exit [BeforeAll] A2A Passthrough - /root/rhcl/mcp-gateway/tests/e2e/a2a_passthrough_test.go:156 @ 09/02/26 06:24:03.962 (25.589s)&#xA;&gt; Enter [It] [A2A,Negative] leaves the A2A path inert until opted in - /root/rhcl/mcp-gateway/tests/e2e/a2a_passthrough_test.go:282 @ 09/02/26 06:24:03.962&#xA;[FAILED] Unexpected error:&#xA;    &lt;*url.Error | 0x565139f67860&gt;: &#xA;    Post &#34;https://a2a.a2a-passthrough.apps.bocp-rhcl-mcp-1470.powervs-openshift-ipi.cis.ibm.net/a2a/a2a-test-agent&#34;: tls: failed to verify certificate: x509: certificate is valid for *.apps.bocp-rhcl-mcp-1470.powervs-openshift-ipi.cis.ibm.net, not a2a.a2a-passthrough.apps.bocp-rhcl-mcp-1470.powervs-openshift-ipi.cis.ibm.net&#xA;    {&#xA;        Op: &#34;Post&#34;,&#xA;        URL: &#34;https://a2a.a2a-passthrough.apps.bocp-rhcl-mcp-1470.powervs-openshift-ipi.cis.ibm.net/a2a/a2a-test-agent&#34;,&#xA;        Err: &lt;*tls.CertificateVerificationError | 0x565139f67830&gt;{&#xA;            UnverifiedCertificates: [&#xA;                {&#xA;                    Raw: [48, 130, 3, 173, 48, 130, 2, 149, 160, 3, 2, 1, 2, 2, 8, 77, 37, 118, 36, 195, 61, 82, 25, 48, 13, 6, 9, 42, 134, 72, 134, 247, 13, 1, 1, 11, 5, 0, 48, 38, 49, 36, 48, 34, 6, 3, 85, 4, 3, 12, 27, 105, 110, 103, 114, 101, 115, 115, 45, 111, 112, 101, 114, 97, 116, 111, 114, 64, 49, 55, 56, 55, 54, 51, 57, 57, 57, 49, 48, 30, 23, 13, 50, 54, 48, 56, 50, 53, 48, 54, 51, 57, 53, 49, 90, 23, 13, 50, 56, 48, 56, 50, 52, 48, 54, 51, 57, 53, 50, 90, 48, 70, 49, 68, 48, 66, 6, 3, 85, 4, 3, 12, 59, 42, 46, 97, 112, 112, 115, 46, 98, 111, 99, 112, 45, 114, 104, 99, 108, 45, 109, 99, 112, 45, 49, 52, 55, 48, 46, 112, 111, 119, 101, 114, 118, 115, 45, 111, 112, 101, 110, 115, 104, 105, 102, 116, 45, 105, 112, 105, 46, 99, 105, 115, 46, 105, 98, 109, 46, 110, 101, 116, 48, 130, 1, 34, 48, 13, 6, 9, 42, 134, 72, 134, 247, 13, 1, 1, 1, 5, 0, 3, 130, 1, 15, 0, 48, 130, 1, 10, 2, 130, 1, 1, 0, 196, 192, 95, 19, 143, 102, 100, 99, 124, 177, 136, 211, 255, 3, 101, 221, 114, 164, 142, 213, 131, 184, 217, 82, 150, 247, 183, 112, 190, 219, 221, 78, 22, 59, 219, 99, 94, 215, 155, 86, 83, 93, 67, 72, 221, 217, 38, 10, 218, 89, 20, 91, 159, 72, 236, 218, 230, 149, 13, 201, 217, 255, 49, 13, 83, 63, 56, 219, 154, 44, 202, 114, 186, 51, 242, 62, 150, 98, 206, 152, 67, 237, 105, 37, 36, 121, 235, 177, 56, 20, 54, 246, 135, 215, 204, 134, 88, 185, 199, 201, 207, 31, 75, 213, 144, 120, 202, 87, 178, 10, 180, 73, 27, 215, 245, 152, 92, 160, 105, 156, 71, 235, 102, 5, 207, 0, 197, 182, 206, 85, 52, 128, 192, 69, 170, 241, 93, 248, 81, 251, 75, 252, 147, 29, 184, 167, 115, 238, 142, 89, 160, 42, 28, 75, 57, 18, 231, 105, 47, 104, 60, 156, 55, 226, 246, 128, 133, 108, 219, 181, 139, 22, 12, 142, 73, 158, 169, 54, 151, 83, 182, 58, 220, 77, 127, 10, 90, 57, 47, 172, 234, 204, 201, 113, 254, 155, 20, 167, 116, 45, 143, 89, 153, 153, 252, 44, 170, 83, 110, 24, 39, 148, 95, 38, 9, 166, 195, 23, 142, 145, 216, 45, 197, 223, 173, 211, 206, 162, 160, 224, 51, 225, 247, 28, 238, 52, 28, 26, 167, 76, 33, 206, 13, 244, 138, 213, 153, 46, 46, 42, 171, 149, 219, 168, 155, 25, 2, 3, 1, 0, 1, 163, 129, 190, 48, 129, 187, 48, 14, 6, 3, 85, 29, 15, 1, 1, 255, 4, 4, 3, 2, 5, 160, 48, 19, 6, 3, 85, 29, 37, 4, 12, 48, 10, 6, 8, 43, 6, 1, 5, 5, 7, 3, 1, 48, 12, 6, 3, 85, 29, 19, 1, 1, 255, 4, 2, 48, 0, 48, 29, 6, 3, 85, 29, 14, 4, 22, 4, 20, 78, 67, 114, 179, 196, 215, 230, 248, 32, 178, 111, 2, 244, 174, 18, 249, 210, 174, 121, 15, 48, 31, 6, 3, 85, 29, 35, 4, 24, 48, 22, 128, 20, 153, 64, 189, 52, 21, 59, 126, 160, 155, 237, 56, 250, 48, 181, 177, 122, 179, 233, 250, 28, 48, 70, 6, 3, 85, 29, 17, 4, 63, 48, 61, 130, 59, 42, 46, 97, 112, 112, 115, 46, 98, 111, 99, 112, 45, 114, 104, 99, 108, 45, 109, 99, 112, 45, 49, 52, 55, 48, 46, 112, 111, 119, 101, 114, 118, 115, 45, 111, 112, 101, 110, 115, 104, 105, 102, 116, 45, 105, 112, 105, 46, 99, 105, 115, 46, 105, 98, 109, 46, 110, 101, 116, 48, 13, 6, 9, 42, 134, 72, 134, 247, 13, 1, 1, 11, 5, 0, 3, 130, 1, 1, 0, 37, 2, 87, 78, 255, 219, 81, 184, 43, 141, 54, 195, 231, 145, 16, 101, 81, 100, 2, 218, 73, 139, 51, 34, 189, 231, 65, 117, 5, 197, 179, 91, 4, 46, 175, 167, 161, 14, 24, 45, 253, 149, 75, 206, 62, 190, 241, 200, 137, 122, 51, 95, 233, 251, 159, 226, 108, 95, 16, 242, 133, 118, 5, 19, 216, 167, 201, 75, 78, 141, 48, 78, 190, 186, 50, 2, 128, 138, 125, 12, 221, 181, 21, 7, 240, 145, 180, 204, 114, 44, 251, 141, 19, 85, 181, 60, 136, 249, 97, 6, 17, 192, 29, 63, 7, 192, 28, 8, 46, 23, 40, 23, 70, 137, 196, 102, 186, 201, 236, 60, 32, 45, 48, 62, 95, 136, 15, 107, 39, 219, 165, 123, 115, 245, 44, 160, 156, 230, 166, 228, 149, 119, 38, 80, 164, 118, 69, 142, 144, 107, 185, 46, 44, 205, 10, 239, 9, 0, 123, 173, 179, 231, 167, 64, 237, 60, 170...&#xA;&#xA;Gomega truncated this representation as it exceeds &#39;format.MaxLength&#39;.&#xA;Consider having the object provide a custom &#39;GomegaStringer&#39; representation&#xA;or adjust the parameters in Gomega&#39;s &#39;format&#39; package.&#xA;&#xA;Learn more here: https://onsi.github.io/gomega/#adjusting-output&#xA;&#xA;occurred&#xA;In [It] at: /root/rhcl/mcp-gateway/tests/e2e/a2a_passthrough_test.go:80 @ 09/02/26 06:24:03.989&#xA;&lt; Exit [It] [A2A,Negative] leaves the A2A path inert until opted in - /root/rhcl/mcp-gateway/tests/e2e/a2a_passthrough_test.go:282 @ 09/02/26 06:24:03.989 (27ms)&#xA;&gt; Enter [JustAfterEach] A2A Passthrough - /root/rhcl/mcp-gateway/tests/e2e/a2a_passthrough_test.go:269 @ 09/02/26 06:24:03.989&#xA;cluster state dumped to: /tmp/e2e-cluster-dump-1013009047.txt&#xA;&lt; Exit [JustAfterEach] A2A Passthrough - /root/rhcl/mcp-gateway/tests/e2e/a2a_passthrough_test.go:269 @ 09/02/26 06:24:05.484 (1.494s)&#xA;&gt; Enter [AfterAll] A2A Passthrough - /root/rhcl/mcp-gateway/tests/e2e/a2a_passthrough_test.go:275 @ 09/02/26 06:24:05.484&#xA;&lt; Exit [AfterAll] A2A Passthrough - /root/rhcl/mcp-gateway/tests/e2e/a2a_passthrough_test.go:275 @ 09/02/26 06:24:05.493 (9ms)&#xA;</system-err>
          </testcase>
          <testcase name="[It] A2A Passthrough with --enable-a2a enabled [A2A] sets x-a2a-agent and x-a2a-method and strips client-supplied copies [A2A]" classname="MCP Gateway E2E Suite" status="skipped" time="0">
              <skipped message="skipped - Spec skipped because an earlier spec in an ordered container failed"></skipped>
              <system-err>[SKIPPED] Spec skipped because an earlier spec in an ordered container failed&#xA;In [It] at: /root/rhcl/mcp-gateway/tests/e2e/a2a_passthrough_test.go:319 @ 09/02/26 06:24:05.494&#xA;</system-err>
          </testcase>
          <testcase name="[It] A2A Passthrough with --enable-a2a enabled [A2A] passes an unknown method through rather than failing it closed [A2A]" classname="MCP Gateway E2E Suite" status="skipped" time="0">
              <skipped message="skipped - Spec skipped because an earlier spec in an ordered container failed"></skipped>
              <system-err>[SKIPPED] Spec skipped because an earlier spec in an ordered container failed&#xA;In [It] at: /root/rhcl/mcp-gateway/tests/e2e/a2a_passthrough_test.go:337 @ 09/02/26 06:24:05.494&#xA;</system-err>
          </testcase>
          <testcase name="[It] A2A Passthrough with --enable-a2a enabled [A2A,Negative] fails closed on an unparseable POST with -32700 [A2A]" classname="MCP Gateway E2E Suite" status="skipped" time="0">
              <skipped message="skipped - Spec skipped because an earlier spec in an ordered container failed"></skipped>
              <system-err>[SKIPPED] Spec skipped because an earlier spec in an ordered container failed&#xA;In [It] at: /root/rhcl/mcp-gateway/tests/e2e/a2a_passthrough_test.go:358 @ 09/02/26 06:24:05.495&#xA;</system-err>
          </testcase>
          <testcase name="[It] A2A Passthrough with --enable-a2a enabled [A2A,Negative] fails closed on a valid JSON body with no method with -32600 [A2A]" classname="MCP Gateway E2E Suite" status="skipped" time="0">
              <skipped message="skipped - Spec skipped because an earlier spec in an ordered container failed"></skipped>
              <system-err>[SKIPPED] Spec skipped because an earlier spec in an ordered container failed&#xA;In [It] at: /root/rhcl/mcp-gateway/tests/e2e/a2a_passthrough_test.go:368 @ 09/02/26 06:24:05.495&#xA;</system-err>
          </testcase>
          <testcase name="[It] A2A Passthrough with --enable-a2a enabled [A2A] passes a GET through to the agent (no fail-closed) [A2A]" classname="MCP Gateway E2E Suite" status="skipped" time="0">
              <skipped message="skipped - Spec skipped because an earlier spec in an ordered container failed"></skipped>
              <system-err>[SKIPPED] Spec skipped because an earlier spec in an ordered container failed&#xA;In [It] at: /root/rhcl/mcp-gateway/tests/e2e/a2a_passthrough_test.go:378 @ 09/02/26 06:24:05.496&#xA;</system-err>
          </testcase>
          <testcase name="[It] A2A Passthrough with --enable-a2a enabled [A2A] does not disturb MCP traffic on the same gateway [A2A]" classname="MCP Gateway E2E Suite" status="skipped" time="0">
              <skipped message="skipped - Spec skipped because an earlier spec in an ordered container failed"></skipped>
              <system-err>[SKIPPED] Spec skipped because an earlier spec in an ordered container failed&#xA;In [It] at: /root/rhcl/mcp-gateway/tests/e2e/a2a_passthrough_test.go:388 @ 09/02/26 06:24:05.496&#xA;</system-err>
          </testcase>
          <testcase name="[It] MCP Gateway Registration Happy Path [Happy] basic registration tool invocation and unregistration" classname="MCP Gateway E2E Suite" status="failed" time="122.022622903">
              <failure message="Timed out after 120.001s.&#xA;The function passed to Eventually failed at /root/rhcl/mcp-gateway/tests/e2e/suite_test.go:243 with:&#xA;Unexpected error:&#xA;    &lt;*fmt.wrapError | 0x56513a69de20&gt;: &#xA;    calling &#34;initialize&#34;: sending &#34;initialize&#34;: failed to connect (session ID: ): session not found&#xA;    {&#xA;        msg: &#34;calling \&#34;initialize\&#34;: sending \&#34;initialize\&#34;: failed to connect (session ID: ): session not found&#34;,&#xA;        err: &lt;*fmt.wrapError | 0x56513a69dde0&gt;{&#xA;            msg: &#34;sending \&#34;initialize\&#34;: failed to connect (session ID: ): session not found&#34;,&#xA;            err: &lt;*errors.errorString | 0x120e21c0&gt;{&#xA;                s: &#34;session not found&#34;,&#xA;            },&#xA;        },&#xA;    }&#xA;occurred" type="failed">[FAILED] Timed out after 120.001s.&#xA;The function passed to Eventually failed at /root/rhcl/mcp-gateway/tests/e2e/suite_test.go:243 with:&#xA;Unexpected error:&#xA;    &lt;*fmt.wrapError | 0x56513a69de20&gt;: &#xA;    calling &#34;initialize&#34;: sending &#34;initialize&#34;: failed to connect (session ID: ): session not found&#xA;    {&#xA;        msg: &#34;calling \&#34;initialize\&#34;: sending \&#34;initialize\&#34;: failed to connect (session ID: ): session not found&#34;,&#xA;        err: &lt;*fmt.wrapError | 0x56513a69dde0&gt;{&#xA;            msg: &#34;sending \&#34;initialize\&#34;: failed to connect (session ID: ): session not found&#34;,&#xA;            err: &lt;*errors.errorString | 0x120e21c0&gt;{&#xA;                s: &#34;session not found&#34;,&#xA;            },&#xA;        },&#xA;    }&#xA;occurred&#xA;In [It] at: /root/rhcl/mcp-gateway/tests/e2e/suite_test.go:244 @ 09/02/26 06:26:05.497&#xA;</failure>
              <system-err>&gt; Enter [It] [Happy] basic registration tool invocation and unregistration - /root/rhcl/mcp-gateway/tests/e2e/happy_path_test.go:36 @ 09/02/26 06:24:05.496&#xA;[FAILED] Timed out after 120.001s.&#xA;The function passed to Eventually failed at /root/rhcl/mcp-gateway/tests/e2e/suite_test.go:243 with:&#xA;Unexpected error:&#xA;    &lt;*fmt.wrapError | 0x56513a69de20&gt;: &#xA;    calling &#34;initialize&#34;: sending &#34;initialize&#34;: failed to connect (session ID: ): session not found&#xA;    {&#xA;        msg: &#34;calling \&#34;initialize\&#34;: sending \&#34;initialize\&#34;: failed to connect (session ID: ): session not found&#34;,&#xA;        err: &lt;*fmt.wrapError | 0x56513a69dde0&gt;{&#xA;            msg: &#34;sending \&#34;initialize\&#34;: failed to connect (session ID: ): session not found&#34;,&#xA;            err: &lt;*errors.errorString | 0x120e21c0&gt;{&#xA;                s: &#34;session not found&#34;,&#xA;            },&#xA;        },&#xA;    }&#xA;occurred&#xA;In [It] at: /root/rhcl/mcp-gateway/tests/e2e/suite_test.go:244 @ 09/02/26 06:26:05.497&#xA;&lt; Exit [It] [Happy] basic registration tool invocation and unregistration - /root/rhcl/mcp-gateway/tests/e2e/happy_path_test.go:36 @ 09/02/26 06:26:05.497 (2m0.001s)&#xA;&gt; Enter [JustAfterEach] MCP Gateway Registration Happy Path - /root/rhcl/mcp-gateway/tests/e2e/happy_path_test.go:30 @ 09/02/26 06:26:05.498&#xA;cluster state dumped to: /tmp/e2e-cluster-dump-207576518.txt&#xA;&lt; Exit [JustAfterEach] MCP Gateway Registration Happy Path - /root/rhcl/mcp-gateway/tests/e2e/happy_path_test.go:30 @ 09/02/26 06:26:07.519 (2.021s)&#xA;</system-err>
          </testcase>
          <testcase name="[It] MCP Gateway Registration Happy Path [Happy] HTTP backend with explicit HTTPS listener sectionName" classname="MCP Gateway E2E Suite" status="failed" time="122.195788018">
              <failure message="Timed out after 120.001s.&#xA;The function passed to Eventually failed at /root/rhcl/mcp-gateway/tests/e2e/suite_test.go:243 with:&#xA;Unexpected error:&#xA;    &lt;*fmt.wrapError | 0x56513a722620&gt;: &#xA;    calling &#34;initialize&#34;: sending &#34;initialize&#34;: failed to connect (session ID: ): session not found&#xA;    {&#xA;        msg: &#34;calling \&#34;initialize\&#34;: sending \&#34;initialize\&#34;: failed to connect (session ID: ): session not found&#34;,&#xA;        err: &lt;*fmt.wrapError | 0x56513a7225a0&gt;{&#xA;            msg: &#34;sending \&#34;initialize\&#34;: failed to connect (session ID: ): session not found&#34;,&#xA;            err: &lt;*errors.errorString | 0x120e21c0&gt;{&#xA;                s: &#34;session not found&#34;,&#xA;            },&#xA;        },&#xA;    }&#xA;occurred" type="failed">[FAILED] Timed out after 120.001s.&#xA;The function passed to Eventually failed at /root/rhcl/mcp-gateway/tests/e2e/suite_test.go:243 with:&#xA;Unexpected error:&#xA;    &lt;*fmt.wrapError | 0x56513a722620&gt;: &#xA;    calling &#34;initialize&#34;: sending &#34;initialize&#34;: failed to connect (session ID: ): session not found&#xA;    {&#xA;        msg: &#34;calling \&#34;initialize\&#34;: sending \&#34;initialize\&#34;: failed to connect (session ID: ): session not found&#34;,&#xA;        err: &lt;*fmt.wrapError | 0x56513a7225a0&gt;{&#xA;            msg: &#34;sending \&#34;initialize\&#34;: failed to connect (session ID: ): session not found&#34;,&#xA;            err: &lt;*errors.errorString | 0x120e21c0&gt;{&#xA;                s: &#34;session not found&#34;,&#xA;            },&#xA;        },&#xA;    }&#xA;occurred&#xA;In [It] at: /root/rhcl/mcp-gateway/tests/e2e/suite_test.go:244 @ 09/02/26 06:28:07.521&#xA;</failure>
              <system-err>&gt; Enter [It] [Happy] HTTP backend with explicit HTTPS listener sectionName - /root/rhcl/mcp-gateway/tests/e2e/happy_path_test.go:110 @ 09/02/26 06:26:07.52&#xA;[FAILED] Timed out after 120.001s.&#xA;The function passed to Eventually failed at /root/rhcl/mcp-gateway/tests/e2e/suite_test.go:243 with:&#xA;Unexpected error:&#xA;    &lt;*fmt.wrapError | 0x56513a722620&gt;: &#xA;    calling &#34;initialize&#34;: sending &#34;initialize&#34;: failed to connect (session ID: ): session not found&#xA;    {&#xA;        msg: &#34;calling \&#34;initialize\&#34;: sending \&#34;initialize\&#34;: failed to connect (session ID: ): session not found&#34;,&#xA;        err: &lt;*fmt.wrapError | 0x56513a7225a0&gt;{&#xA;            msg: &#34;sending \&#34;initialize\&#34;: failed to connect (session ID: ): session not found&#34;,&#xA;            err: &lt;*errors.errorString | 0x120e21c0&gt;{&#xA;                s: &#34;session not found&#34;,&#xA;            },&#xA;        },&#xA;    }&#xA;occurred&#xA;In [It] at: /root/rhcl/mcp-gateway/tests/e2e/suite_test.go:244 @ 09/02/26 06:28:07.521&#xA;&lt; Exit [It] [Happy] HTTP backend with explicit HTTPS listener sectionName - /root/rhcl/mcp-gateway/tests/e2e/happy_path_test.go:110 @ 09/02/26 06:28:07.521 (2m0.002s)&#xA;&gt; Enter [JustAfterEach] MCP Gateway Registration Happy Path - /root/rhcl/mcp-gateway/tests/e2e/happy_path_test.go:30 @ 09/02/26 06:28:07.522&#xA;cluster state dumped to: /tmp/e2e-cluster-dump-3665708021.txt&#xA;&lt; Exit [JustAfterEach] MCP Gateway Registration Happy Path - /root/rhcl/mcp-gateway/tests/e2e/happy_path_test.go:30 @ 09/02/26 06:28:09.715 (2.193s)&#xA;&gt; Enter [DeferCleanup (Each)] MCP Gateway Registration Happy Path - /root/rhcl/mcp-gateway/tests/e2e/suite_test.go:255 @ 09/02/26 06:28:09.716&#xA;&lt; Exit [DeferCleanup (Each)] MCP Gateway Registration Happy Path - /root/rhcl/mcp-gateway/tests/e2e/suite_test.go:255 @ 09/02/26 06:28:09.716 (0s)&#xA;</system-err>
          </testcase>
          <testcase name="[It] MCP Gateway Registration Happy Path [Happy] should register mcp server with non-default spec.path" classname="MCP Gateway E2E Suite" status="failed" time="121.920632581">
              <failure message="Timed out after 120.001s.&#xA;The function passed to Eventually failed at /root/rhcl/mcp-gateway/tests/e2e/suite_test.go:243 with:&#xA;Unexpected error:&#xA;    &lt;*fmt.wrapError | 0x56513a4acf20&gt;: &#xA;    calling &#34;initialize&#34;: sending &#34;initialize&#34;: failed to connect (session ID: ): session not found&#xA;    {&#xA;        msg: &#34;calling \&#34;initialize\&#34;: sending \&#34;initialize\&#34;: failed to connect (session ID: ): session not found&#34;,&#xA;        err: &lt;*fmt.wrapError | 0x56513a4ace80&gt;{&#xA;            msg: &#34;sending \&#34;initialize\&#34;: failed to connect (session ID: ): session not found&#34;,&#xA;            err: &lt;*errors.errorString | 0x120e21c0&gt;{&#xA;                s: &#34;session not found&#34;,&#xA;            },&#xA;        },&#xA;    }&#xA;occurred" type="failed">[FAILED] Timed out after 120.001s.&#xA;The function passed to Eventually failed at /root/rhcl/mcp-gateway/tests/e2e/suite_test.go:243 with:&#xA;Unexpected error:&#xA;    &lt;*fmt.wrapError | 0x56513a4acf20&gt;: &#xA;    calling &#34;initialize&#34;: sending &#34;initialize&#34;: failed to connect (session ID: ): session not found&#xA;    {&#xA;        msg: &#34;calling \&#34;initialize\&#34;: sending \&#34;initialize\&#34;: failed to connect (session ID: ): session not found&#34;,&#xA;        err: &lt;*fmt.wrapError | 0x56513a4ace80&gt;{&#xA;            msg: &#34;sending \&#34;initialize\&#34;: failed to connect (session ID: ): session not found&#34;,&#xA;            err: &lt;*errors.errorString | 0x120e21c0&gt;{&#xA;                s: &#34;session not found&#34;,&#xA;            },&#xA;        },&#xA;    }&#xA;occurred&#xA;In [It] at: /root/rhcl/mcp-gateway/tests/e2e/suite_test.go:244 @ 09/02/26 06:30:09.718&#xA;</failure>
              <system-err>&gt; Enter [It] [Happy] should register mcp server with non-default spec.path - /root/rhcl/mcp-gateway/tests/e2e/happy_path_test.go:143 @ 09/02/26 06:28:09.717&#xA;[FAILED] Timed out after 120.001s.&#xA;The function passed to Eventually failed at /root/rhcl/mcp-gateway/tests/e2e/suite_test.go:243 with:&#xA;Unexpected error:&#xA;    &lt;*fmt.wrapError | 0x56513a4acf20&gt;: &#xA;    calling &#34;initialize&#34;: sending &#34;initialize&#34;: failed to connect (session ID: ): session not found&#xA;    {&#xA;        msg: &#34;calling \&#34;initialize\&#34;: sending \&#34;initialize\&#34;: failed to connect (session ID: ): session not found&#34;,&#xA;        err: &lt;*fmt.wrapError | 0x56513a4ace80&gt;{&#xA;            msg: &#34;sending \&#34;initialize\&#34;: failed to connect (session ID: ): session not found&#34;,&#xA;            err: &lt;*errors.errorString | 0x120e21c0&gt;{&#xA;                s: &#34;session not found&#34;,&#xA;            },&#xA;        },&#xA;    }&#xA;occurred&#xA;In [It] at: /root/rhcl/mcp-gateway/tests/e2e/suite_test.go:244 @ 09/02/26 06:30:09.718&#xA;&lt; Exit [It] [Happy] should register mcp server with non-default spec.path - /root/rhcl/mcp-gateway/tests/e2e/happy_path_test.go:143 @ 09/02/26 06:30:09.718 (2m0.001s)&#xA;&gt; Enter [JustAfterEach] MCP Gateway Registration Happy Path - /root/rhcl/mcp-gateway/tests/e2e/happy_path_test.go:30 @ 09/02/26 06:30:09.718&#xA;cluster state dumped to: /tmp/e2e-cluster-dump-137915257.txt&#xA;&lt; Exit [JustAfterEach] MCP Gateway Registration Happy Path - /root/rhcl/mcp-gateway/tests/e2e/happy_path_test.go:30 @ 09/02/26 06:30:11.637 (1.918s)&#xA;&gt; Enter [DeferCleanup (Each)] MCP Gateway Registration Happy Path - /root/rhcl/mcp-gateway/tests/e2e/suite_test.go:255 @ 09/02/26 06:30:11.637&#xA;&lt; Exit [DeferCleanup (Each)] MCP Gateway Registration Happy Path - /root/rhcl/mcp-gateway/tests/e2e/suite_test.go:255 @ 09/02/26 06:30:11.637 (0s)&#xA;</system-err>
          </testcase>
          <testcase name="[It] MCP Gateway Registration Happy Path [Happy] should register mcp server with credential with the gateway and make the tools available" classname="MCP Gateway E2E Suite" status="failed" time="121.939111409">
              <failure message="Timed out after 120.001s.&#xA;The function passed to Eventually failed at /root/rhcl/mcp-gateway/tests/e2e/suite_test.go:243 with:&#xA;Unexpected error:&#xA;    &lt;*fmt.wrapError | 0x56513978b820&gt;: &#xA;    calling &#34;initialize&#34;: sending &#34;initialize&#34;: failed to connect (session ID: ): session not found&#xA;    {&#xA;        msg: &#34;calling \&#34;initialize\&#34;: sending \&#34;initialize\&#34;: failed to connect (session ID: ): session not found&#34;,&#xA;        err: &lt;*fmt.wrapError | 0x56513978b7e0&gt;{&#xA;            msg: &#34;sending \&#34;initialize\&#34;: failed to connect (session ID: ): session not found&#34;,&#xA;            err: &lt;*errors.errorString | 0x120e21c0&gt;{&#xA;                s: &#34;session not found&#34;,&#xA;            },&#xA;        },&#xA;    }&#xA;occurred" type="failed">[FAILED] Timed out after 120.001s.&#xA;The function passed to Eventually failed at /root/rhcl/mcp-gateway/tests/e2e/suite_test.go:243 with:&#xA;Unexpected error:&#xA;    &lt;*fmt.wrapError | 0x56513978b820&gt;: &#xA;    calling &#34;initialize&#34;: sending &#34;initialize&#34;: failed to connect (session ID: ): session not found&#xA;    {&#xA;        msg: &#34;calling \&#34;initialize\&#34;: sending \&#34;initialize\&#34;: failed to connect (session ID: ): session not found&#34;,&#xA;        err: &lt;*fmt.wrapError | 0x56513978b7e0&gt;{&#xA;            msg: &#34;sending \&#34;initialize\&#34;: failed to connect (session ID: ): session not found&#34;,&#xA;            err: &lt;*errors.errorString | 0x120e21c0&gt;{&#xA;                s: &#34;session not found&#34;,&#xA;            },&#xA;        },&#xA;    }&#xA;occurred&#xA;In [It] at: /root/rhcl/mcp-gateway/tests/e2e/suite_test.go:244 @ 09/02/26 06:32:11.639&#xA;</failure>
              <system-err>&gt; Enter [It] [Happy] should register mcp server with credential with the gateway and make the tools available - /root/rhcl/mcp-gateway/tests/e2e/happy_path_test.go:176 @ 09/02/26 06:30:11.638&#xA;[FAILED] Timed out after 120.001s.&#xA;The function passed to Eventually failed at /root/rhcl/mcp-gateway/tests/e2e/suite_test.go:243 with:&#xA;Unexpected error:&#xA;    &lt;*fmt.wrapError | 0x56513978b820&gt;: &#xA;    calling &#34;initialize&#34;: sending &#34;initialize&#34;: failed to connect (session ID: ): session not found&#xA;    {&#xA;        msg: &#34;calling \&#34;initialize\&#34;: sending \&#34;initialize\&#34;: failed to connect (session ID: ): session not found&#34;,&#xA;        err: &lt;*fmt.wrapError | 0x56513978b7e0&gt;{&#xA;            msg: &#34;sending \&#34;initialize\&#34;: failed to connect (session ID: ): session not found&#34;,&#xA;            err: &lt;*errors.errorString | 0x120e21c0&gt;{&#xA;                s: &#34;session not found&#34;,&#xA;            },&#xA;        },&#xA;    }&#xA;occurred&#xA;In [It] at: /root/rhcl/mcp-gateway/tests/e2e/suite_test.go:244 @ 09/02/26 06:32:11.639&#xA;&lt; Exit [It] [Happy] should register mcp server with credential with the gateway and make the tools available - /root/rhcl/mcp-gateway/tests/e2e/happy_path_test.go:176 @ 09/02/26 06:32:11.639 (2m0.001s)&#xA;&gt; Enter [JustAfterEach] MCP Gateway Registration Happy Path - /root/rhcl/mcp-gateway/tests/e2e/happy_path_test.go:30 @ 09/02/26 06:32:11.639&#xA;cluster state dumped to: /tmp/e2e-cluster-dump-3325829166.txt&#xA;&lt; Exit [JustAfterEach] MCP Gateway Registration Happy Path - /root/rhcl/mcp-gateway/tests/e2e/happy_path_test.go:30 @ 09/02/26 06:32:13.577 (1.937s)&#xA;&gt; Enter [DeferCleanup (Each)] MCP Gateway Registration Happy Path - /root/rhcl/mcp-gateway/tests/e2e/suite_test.go:255 @ 09/02/26 06:32:13.577&#xA;&lt; Exit [DeferCleanup (Each)] MCP Gateway Registration Happy Path - /root/rhcl/mcp-gateway/tests/e2e/suite_test.go:255 @ 09/02/26 06:32:13.577 (0s)&#xA;</system-err>
          </testcase>
          <testcase name="[It] MCP Gateway Registration Happy Path [Happy] should use and re-use a backend MCP session" classname="MCP Gateway E2E Suite" status="failed" time="121.874346344">
              <failure message="Timed out after 120.000s.&#xA;The function passed to Eventually failed at /root/rhcl/mcp-gateway/tests/e2e/happy_path_test.go:233 with:&#xA;Unexpected error:&#xA;    &lt;*fmt.wrapError | 0x56513b747e80&gt;: &#xA;    calling &#34;initialize&#34;: sending &#34;initialize&#34;: failed to connect (session ID: ): session not found&#xA;    {&#xA;        msg: &#34;calling \&#34;initialize\&#34;: sending \&#34;initialize\&#34;: failed to connect (session ID: ): session not found&#34;,&#xA;        err: &lt;*fmt.wrapError | 0x56513b747e40&gt;{&#xA;            msg: &#34;sending \&#34;initialize\&#34;: failed to connect (session ID: ): session not found&#34;,&#xA;            err: &lt;*errors.errorString | 0x120e21c0&gt;{&#xA;                s: &#34;session not found&#34;,&#xA;            },&#xA;        },&#xA;    }&#xA;occurred" type="failed">[FAILED] Timed out after 120.000s.&#xA;The function passed to Eventually failed at /root/rhcl/mcp-gateway/tests/e2e/happy_path_test.go:233 with:&#xA;Unexpected error:&#xA;    &lt;*fmt.wrapError | 0x56513b747e80&gt;: &#xA;    calling &#34;initialize&#34;: sending &#34;initialize&#34;: failed to connect (session ID: ): session not found&#xA;    {&#xA;        msg: &#34;calling \&#34;initialize\&#34;: sending \&#34;initialize\&#34;: failed to connect (session ID: ): session not found&#34;,&#xA;        err: &lt;*fmt.wrapError | 0x56513b747e40&gt;{&#xA;            msg: &#34;sending \&#34;initialize\&#34;: failed to connect (session ID: ): session not found&#34;,&#xA;            err: &lt;*errors.errorString | 0x120e21c0&gt;{&#xA;                s: &#34;session not found&#34;,&#xA;            },&#xA;        },&#xA;    }&#xA;occurred&#xA;In [It] at: /root/rhcl/mcp-gateway/tests/e2e/happy_path_test.go:234 @ 09/02/26 06:34:13.601&#xA;</failure>
              <system-err>&gt; Enter [It] [Happy] should use and re-use a backend MCP session - /root/rhcl/mcp-gateway/tests/e2e/happy_path_test.go:219 @ 09/02/26 06:32:13.578&#xA;creating HTTPRoute e2e-route-sessions-3e0bde28&#xA;creating MCPServerRegistration e2e-mcp-sessions-e2a4b42d&#xA;STEP: creating a new client - /root/rhcl/mcp-gateway/tests/e2e/happy_path_test.go:228 @ 09/02/26 06:32:13.6&#xA;[FAILED] Timed out after 120.000s.&#xA;The function passed to Eventually failed at /root/rhcl/mcp-gateway/tests/e2e/happy_path_test.go:233 with:&#xA;Unexpected error:&#xA;    &lt;*fmt.wrapError | 0x56513b747e80&gt;: &#xA;    calling &#34;initialize&#34;: sending &#34;initialize&#34;: failed to connect (session ID: ): session not found&#xA;    {&#xA;        msg: &#34;calling \&#34;initialize\&#34;: sending \&#34;initialize\&#34;: failed to connect (session ID: ): session not found&#34;,&#xA;        err: &lt;*fmt.wrapError | 0x56513b747e40&gt;{&#xA;            msg: &#34;sending \&#34;initialize\&#34;: failed to connect (session ID: ): session not found&#34;,&#xA;            err: &lt;*errors.errorString | 0x120e21c0&gt;{&#xA;                s: &#34;session not found&#34;,&#xA;            },&#xA;        },&#xA;    }&#xA;occurred&#xA;In [It] at: /root/rhcl/mcp-gateway/tests/e2e/happy_path_test.go:234 @ 09/02/26 06:34:13.601&#xA;&lt; Exit [It] [Happy] should use and re-use a backend MCP session - /root/rhcl/mcp-gateway/tests/e2e/happy_path_test.go:219 @ 09/02/26 06:34:13.601 (2m0.023s)&#xA;&gt; Enter [JustAfterEach] MCP Gateway Registration Happy Path - /root/rhcl/mcp-gateway/tests/e2e/happy_path_test.go:30 @ 09/02/26 06:34:13.601&#xA;cluster state dumped to: /tmp/e2e-cluster-dump-3402632952.txt&#xA;&lt; Exit [JustAfterEach] MCP Gateway Registration Happy Path - /root/rhcl/mcp-gateway/tests/e2e/happy_path_test.go:30 @ 09/02/26 06:34:15.43 (1.829s)&#xA;&gt; Enter [DeferCleanup (Each)] MCP Gateway Registration Happy Path - /root/rhcl/mcp-gateway/tests/e2e/suite_test.go:255 @ 09/02/26 06:34:15.431&#xA;&lt; Exit [DeferCleanup (Each)] MCP Gateway Registration Happy Path - /root/rhcl/mcp-gateway/tests/e2e/suite_test.go:255 @ 09/02/26 06:34:15.452 (21ms)&#xA;</system-err>
          </testcase>
          <testcase name="[It] MCP Gateway Registration Happy Path [Happy] concurrent tool calls on a fresh session should create only one backend session" classname="MCP Gateway E2E Suite" status="failed" time="121.922708379">
              <failure message="Timed out after 120.000s.&#xA;The function passed to Eventually failed at /root/rhcl/mcp-gateway/tests/e2e/suite_test.go:243 with:&#xA;Unexpected error:&#xA;    &lt;*fmt.wrapError | 0x56513a69cb40&gt;: &#xA;    calling &#34;initialize&#34;: sending &#34;initialize&#34;: failed to connect (session ID: ): session not found&#xA;    {&#xA;        msg: &#34;calling \&#34;initialize\&#34;: sending \&#34;initialize\&#34;: failed to connect (session ID: ): session not found&#34;,&#xA;        err: &lt;*fmt.wrapError | 0x56513a69cb00&gt;{&#xA;            msg: &#34;sending \&#34;initialize\&#34;: failed to connect (session ID: ): session not found&#34;,&#xA;            err: &lt;*errors.errorString | 0x120e21c0&gt;{&#xA;                s: &#34;session not found&#34;,&#xA;            },&#xA;        },&#xA;    }&#xA;occurred" type="failed">[FAILED] Timed out after 120.000s.&#xA;The function passed to Eventually failed at /root/rhcl/mcp-gateway/tests/e2e/suite_test.go:243 with:&#xA;Unexpected error:&#xA;    &lt;*fmt.wrapError | 0x56513a69cb40&gt;: &#xA;    calling &#34;initialize&#34;: sending &#34;initialize&#34;: failed to connect (session ID: ): session not found&#xA;    {&#xA;        msg: &#34;calling \&#34;initialize\&#34;: sending \&#34;initialize\&#34;: failed to connect (session ID: ): session not found&#34;,&#xA;        err: &lt;*fmt.wrapError | 0x56513a69cb00&gt;{&#xA;            msg: &#34;sending \&#34;initialize\&#34;: failed to connect (session ID: ): session not found&#34;,&#xA;            err: &lt;*errors.errorString | 0x120e21c0&gt;{&#xA;                s: &#34;session not found&#34;,&#xA;            },&#xA;        },&#xA;    }&#xA;occurred&#xA;In [It] at: /root/rhcl/mcp-gateway/tests/e2e/suite_test.go:244 @ 09/02/26 06:36:15.454&#xA;</failure>
              <system-err>&gt; Enter [It] [Happy] concurrent tool calls on a fresh session should create only one backend session - /root/rhcl/mcp-gateway/tests/e2e/happy_path_test.go:304 @ 09/02/26 06:34:15.453&#xA;[FAILED] Timed out after 120.000s.&#xA;The function passed to Eventually failed at /root/rhcl/mcp-gateway/tests/e2e/suite_test.go:243 with:&#xA;Unexpected error:&#xA;    &lt;*fmt.wrapError | 0x56513a69cb40&gt;: &#xA;    calling &#34;initialize&#34;: sending &#34;initialize&#34;: failed to connect (session ID: ): session not found&#xA;    {&#xA;        msg: &#34;calling \&#34;initialize\&#34;: sending \&#34;initialize\&#34;: failed to connect (session ID: ): session not found&#34;,&#xA;        err: &lt;*fmt.wrapError | 0x56513a69cb00&gt;{&#xA;            msg: &#34;sending \&#34;initialize\&#34;: failed to connect (session ID: ): session not found&#34;,&#xA;            err: &lt;*errors.errorString | 0x120e21c0&gt;{&#xA;                s: &#34;session not found&#34;,&#xA;            },&#xA;        },&#xA;    }&#xA;occurred&#xA;In [It] at: /root/rhcl/mcp-gateway/tests/e2e/suite_test.go:244 @ 09/02/26 06:36:15.454&#xA;&lt; Exit [It] [Happy] concurrent tool calls on a fresh session should create only one backend session - /root/rhcl/mcp-gateway/tests/e2e/happy_path_test.go:304 @ 09/02/26 06:36:15.454 (2m0.001s)&#xA;&gt; Enter [JustAfterEach] MCP Gateway Registration Happy Path - /root/rhcl/mcp-gateway/tests/e2e/happy_path_test.go:30 @ 09/02/26 06:36:15.454&#xA;cluster state dumped to: /tmp/e2e-cluster-dump-1344740593.txt&#xA;&lt; Exit [JustAfterEach] MCP Gateway Registration Happy Path - /root/rhcl/mcp-gateway/tests/e2e/happy_path_test.go:30 @ 09/02/26 06:36:17.375 (1.921s)&#xA;&gt; Enter [DeferCleanup (Each)] MCP Gateway Registration Happy Path - /root/rhcl/mcp-gateway/tests/e2e/suite_test.go:255 @ 09/02/26 06:36:17.376&#xA;&lt; Exit [DeferCleanup (Each)] MCP Gateway Registration Happy Path - /root/rhcl/mcp-gateway/tests/e2e/suite_test.go:255 @ 09/02/26 06:36:17.376 (0s)&#xA;</system-err>
          </testcase>
          <testcase name="[It] MCP Gateway Registration Happy Path [Happy] concurrent tool calls across different backends should each reach the correct upstream" classname="MCP Gateway E2E Suite" status="failed" time="121.862602958">
              <failure message="Timed out after 120.001s.&#xA;The function passed to Eventually failed at /root/rhcl/mcp-gateway/tests/e2e/suite_test.go:243 with:&#xA;Unexpected error:&#xA;    &lt;*fmt.wrapError | 0x56513b500660&gt;: &#xA;    calling &#34;initialize&#34;: sending &#34;initialize&#34;: failed to connect (session ID: ): session not found&#xA;    {&#xA;        msg: &#34;calling \&#34;initialize\&#34;: sending \&#34;initialize\&#34;: failed to connect (session ID: ): session not found&#34;,&#xA;        err: &lt;*fmt.wrapError | 0x56513b5005c0&gt;{&#xA;            msg: &#34;sending \&#34;initialize\&#34;: failed to connect (session ID: ): session not found&#34;,&#xA;            err: &lt;*errors.errorString | 0x120e21c0&gt;{&#xA;                s: &#34;session not found&#34;,&#xA;            },&#xA;        },&#xA;    }&#xA;occurred" type="failed">[FAILED] Timed out after 120.001s.&#xA;The function passed to Eventually failed at /root/rhcl/mcp-gateway/tests/e2e/suite_test.go:243 with:&#xA;Unexpected error:&#xA;    &lt;*fmt.wrapError | 0x56513b500660&gt;: &#xA;    calling &#34;initialize&#34;: sending &#34;initialize&#34;: failed to connect (session ID: ): session not found&#xA;    {&#xA;        msg: &#34;calling \&#34;initialize\&#34;: sending \&#34;initialize\&#34;: failed to connect (session ID: ): session not found&#34;,&#xA;        err: &lt;*fmt.wrapError | 0x56513b5005c0&gt;{&#xA;            msg: &#34;sending \&#34;initialize\&#34;: failed to connect (session ID: ): session not found&#34;,&#xA;            err: &lt;*errors.errorString | 0x120e21c0&gt;{&#xA;                s: &#34;session not found&#34;,&#xA;            },&#xA;        },&#xA;    }&#xA;occurred&#xA;In [It] at: /root/rhcl/mcp-gateway/tests/e2e/suite_test.go:244 @ 09/02/26 06:38:17.377&#xA;</failure>
              <system-err>&gt; Enter [It] [Happy] concurrent tool calls across different backends should each reach the correct upstream - /root/rhcl/mcp-gateway/tests/e2e/happy_path_test.go:366 @ 09/02/26 06:36:17.376&#xA;[FAILED] Timed out after 120.001s.&#xA;The function passed to Eventually failed at /root/rhcl/mcp-gateway/tests/e2e/suite_test.go:243 with:&#xA;Unexpected error:&#xA;    &lt;*fmt.wrapError | 0x56513b500660&gt;: &#xA;    calling &#34;initialize&#34;: sending &#34;initialize&#34;: failed to connect (session ID: ): session not found&#xA;    {&#xA;        msg: &#34;calling \&#34;initialize\&#34;: sending \&#34;initialize\&#34;: failed to connect (session ID: ): session not found&#34;,&#xA;        err: &lt;*fmt.wrapError | 0x56513b5005c0&gt;{&#xA;            msg: &#34;sending \&#34;initialize\&#34;: failed to connect (session ID: ): session not found&#34;,&#xA;            err: &lt;*errors.errorString | 0x120e21c0&gt;{&#xA;                s: &#34;session not found&#34;,&#xA;            },&#xA;        },&#xA;    }&#xA;occurred&#xA;In [It] at: /root/rhcl/mcp-gateway/tests/e2e/suite_test.go:244 @ 09/02/26 06:38:17.377&#xA;&lt; Exit [It] [Happy] concurrent tool calls across different backends should each reach the correct upstream - /root/rhcl/mcp-gateway/tests/e2e/happy_path_test.go:366 @ 09/02/26 06:38:17.378 (2m0.001s)&#xA;&gt; Enter [JustAfterEach] MCP Gateway Registration Happy Path - /root/rhcl/mcp-gateway/tests/e2e/happy_path_test.go:30 @ 09/02/26 06:38:17.378&#xA;cluster state dumped to: /tmp/e2e-cluster-dump-1331801339.txt&#xA;&lt; Exit [JustAfterEach] MCP Gateway Registration Happy Path - /root/rhcl/mcp-gateway/tests/e2e/happy_path_test.go:30 @ 09/02/26 06:38:19.239 (1.861s)&#xA;&gt; Enter [DeferCleanup (Each)] MCP Gateway Registration Happy Path - /root/rhcl/mcp-gateway/tests/e2e/suite_test.go:255 @ 09/02/26 06:38:19.239&#xA;&lt; Exit [DeferCleanup (Each)] MCP Gateway Registration Happy Path - /root/rhcl/mcp-gateway/tests/e2e/suite_test.go:255 @ 09/02/26 06:38:19.239 (0s)&#xA;</system-err>
          </testcase>
          <testcase name="[It] MCP Gateway Registration Happy Path [Happy] should assign unique mcp-session-ids to concurrent clients and new session on reconnect" classname="MCP Gateway E2E Suite" status="failed" time="121.981219443">
              <failure message="Timed out after 120.001s.&#xA;The function passed to Eventually failed at /root/rhcl/mcp-gateway/tests/e2e/happy_path_test.go:573 with:&#xA;Unexpected error:&#xA;    &lt;*fmt.wrapError | 0x56513b997a00&gt;: &#xA;    calling &#34;initialize&#34;: sending &#34;initialize&#34;: failed to connect (session ID: ): session not found&#xA;    {&#xA;        msg: &#34;calling \&#34;initialize\&#34;: sending \&#34;initialize\&#34;: failed to connect (session ID: ): session not found&#34;,&#xA;        err: &lt;*fmt.wrapError | 0x56513b9979c0&gt;{&#xA;            msg: &#34;sending \&#34;initialize\&#34;: failed to connect (session ID: ): session not found&#34;,&#xA;            err: &lt;*errors.errorString | 0x120e21c0&gt;{&#xA;                s: &#34;session not found&#34;,&#xA;            },&#xA;        },&#xA;    }&#xA;occurred" type="failed">[FAILED] Timed out after 120.001s.&#xA;The function passed to Eventually failed at /root/rhcl/mcp-gateway/tests/e2e/happy_path_test.go:573 with:&#xA;Unexpected error:&#xA;    &lt;*fmt.wrapError | 0x56513b997a00&gt;: &#xA;    calling &#34;initialize&#34;: sending &#34;initialize&#34;: failed to connect (session ID: ): session not found&#xA;    {&#xA;        msg: &#34;calling \&#34;initialize\&#34;: sending \&#34;initialize\&#34;: failed to connect (session ID: ): session not found&#34;,&#xA;        err: &lt;*fmt.wrapError | 0x56513b9979c0&gt;{&#xA;            msg: &#34;sending \&#34;initialize\&#34;: failed to connect (session ID: ): session not found&#34;,&#xA;            err: &lt;*errors.errorString | 0x120e21c0&gt;{&#xA;                s: &#34;session not found&#34;,&#xA;            },&#xA;        },&#xA;    }&#xA;occurred&#xA;In [It] at: /root/rhcl/mcp-gateway/tests/e2e/happy_path_test.go:574 @ 09/02/26 06:40:19.241&#xA;</failure>
              <system-err>&gt; Enter [It] [Happy] should assign unique mcp-session-ids to concurrent clients and new session on reconnect - /root/rhcl/mcp-gateway/tests/e2e/happy_path_test.go:567 @ 09/02/26 06:38:19.24&#xA;STEP: Creating multiple clients concurrently - /root/rhcl/mcp-gateway/tests/e2e/happy_path_test.go:568 @ 09/02/26 06:38:19.24&#xA;[FAILED] Timed out after 120.001s.&#xA;The function passed to Eventually failed at /root/rhcl/mcp-gateway/tests/e2e/happy_path_test.go:573 with:&#xA;Unexpected error:&#xA;    &lt;*fmt.wrapError | 0x56513b997a00&gt;: &#xA;    calling &#34;initialize&#34;: sending &#34;initialize&#34;: failed to connect (session ID: ): session not found&#xA;    {&#xA;        msg: &#34;calling \&#34;initialize\&#34;: sending \&#34;initialize\&#34;: failed to connect (session ID: ): session not found&#34;,&#xA;        err: &lt;*fmt.wrapError | 0x56513b9979c0&gt;{&#xA;            msg: &#34;sending \&#34;initialize\&#34;: failed to connect (session ID: ): session not found&#34;,&#xA;            err: &lt;*errors.errorString | 0x120e21c0&gt;{&#xA;                s: &#34;session not found&#34;,&#xA;            },&#xA;        },&#xA;    }&#xA;occurred&#xA;In [It] at: /root/rhcl/mcp-gateway/tests/e2e/happy_path_test.go:574 @ 09/02/26 06:40:19.241&#xA;&lt; Exit [It] [Happy] should assign unique mcp-session-ids to concurrent clients and new session on reconnect - /root/rhcl/mcp-gateway/tests/e2e/happy_path_test.go:567 @ 09/02/26 06:40:19.241 (2m0.001s)&#xA;&gt; Enter [JustAfterEach] MCP Gateway Registration Happy Path - /root/rhcl/mcp-gateway/tests/e2e/happy_path_test.go:30 @ 09/02/26 06:40:19.241&#xA;cluster state dumped to: /tmp/e2e-cluster-dump-3107535738.txt&#xA;&lt; Exit [JustAfterEach] MCP Gateway Registration Happy Path - /root/rhcl/mcp-gateway/tests/e2e/happy_path_test.go:30 @ 09/02/26 06:40:21.221 (1.98s)&#xA;</system-err>
          </testcase>
          <testcase name="[It] MCP Gateway Registration Happy Path [Happy] should only return tools specified by MCPVirtualServer when using X-Mcp-Virtualserver header" classname="MCP Gateway E2E Suite" status="failed" time="121.850612539">
              <failure message="Timed out after 120.001s.&#xA;The function passed to Eventually failed at /root/rhcl/mcp-gateway/tests/e2e/suite_test.go:243 with:&#xA;Unexpected error:&#xA;    &lt;*fmt.wrapError | 0x56513b28fb20&gt;: &#xA;    calling &#34;initialize&#34;: sending &#34;initialize&#34;: failed to connect (session ID: ): session not found&#xA;    {&#xA;        msg: &#34;calling \&#34;initialize\&#34;: sending \&#34;initialize\&#34;: failed to connect (session ID: ): session not found&#34;,&#xA;        err: &lt;*fmt.wrapError | 0x56513b28fa80&gt;{&#xA;            msg: &#34;sending \&#34;initialize\&#34;: failed to connect (session ID: ): session not found&#34;,&#xA;            err: &lt;*errors.errorString | 0x120e21c0&gt;{&#xA;                s: &#34;session not found&#34;,&#xA;            },&#xA;        },&#xA;    }&#xA;occurred" type="failed">[FAILED] Timed out after 120.001s.&#xA;The function passed to Eventually failed at /root/rhcl/mcp-gateway/tests/e2e/suite_test.go:243 with:&#xA;Unexpected error:&#xA;    &lt;*fmt.wrapError | 0x56513b28fb20&gt;: &#xA;    calling &#34;initialize&#34;: sending &#34;initialize&#34;: failed to connect (session ID: ): session not found&#xA;    {&#xA;        msg: &#34;calling \&#34;initialize\&#34;: sending \&#34;initialize\&#34;: failed to connect (session ID: ): session not found&#34;,&#xA;        err: &lt;*fmt.wrapError | 0x56513b28fa80&gt;{&#xA;            msg: &#34;sending \&#34;initialize\&#34;: failed to connect (session ID: ): session not found&#34;,&#xA;            err: &lt;*errors.errorString | 0x120e21c0&gt;{&#xA;                s: &#34;session not found&#34;,&#xA;            },&#xA;        },&#xA;    }&#xA;occurred&#xA;In [It] at: /root/rhcl/mcp-gateway/tests/e2e/suite_test.go:244 @ 09/02/26 06:42:21.223&#xA;</failure>
              <system-err>&gt; Enter [It] [Happy] should only return tools specified by MCPVirtualServer when using X-Mcp-Virtualserver header - /root/rhcl/mcp-gateway/tests/e2e/happy_path_test.go:622 @ 09/02/26 06:40:21.222&#xA;[FAILED] Timed out after 120.001s.&#xA;The function passed to Eventually failed at /root/rhcl/mcp-gateway/tests/e2e/suite_test.go:243 with:&#xA;Unexpected error:&#xA;    &lt;*fmt.wrapError | 0x56513b28fb20&gt;: &#xA;    calling &#34;initialize&#34;: sending &#34;initialize&#34;: failed to connect (session ID: ): session not found&#xA;    {&#xA;        msg: &#34;calling \&#34;initialize\&#34;: sending \&#34;initialize\&#34;: failed to connect (session ID: ): session not found&#34;,&#xA;        err: &lt;*fmt.wrapError | 0x56513b28fa80&gt;{&#xA;            msg: &#34;sending \&#34;initialize\&#34;: failed to connect (session ID: ): session not found&#34;,&#xA;            err: &lt;*errors.errorString | 0x120e21c0&gt;{&#xA;                s: &#34;session not found&#34;,&#xA;            },&#xA;        },&#xA;    }&#xA;occurred&#xA;In [It] at: /root/rhcl/mcp-gateway/tests/e2e/suite_test.go:244 @ 09/02/26 06:42:21.223&#xA;&lt; Exit [It] [Happy] should only return tools specified by MCPVirtualServer when using X-Mcp-Virtualserver header - /root/rhcl/mcp-gateway/tests/e2e/happy_path_test.go:622 @ 09/02/26 06:42:21.223 (2m0.002s)&#xA;&gt; Enter [JustAfterEach] MCP Gateway Registration Happy Path - /root/rhcl/mcp-gateway/tests/e2e/happy_path_test.go:30 @ 09/02/26 06:42:21.224&#xA;cluster state dumped to: /tmp/e2e-cluster-dump-2052396598.txt&#xA;&lt; Exit [JustAfterEach] MCP Gateway Registration Happy Path - /root/rhcl/mcp-gateway/tests/e2e/happy_path_test.go:30 @ 09/02/26 06:42:23.072 (1.848s)&#xA;&gt; Enter [DeferCleanup (Each)] MCP Gateway Registration Happy Path - /root/rhcl/mcp-gateway/tests/e2e/suite_test.go:255 @ 09/02/26 06:42:23.072&#xA;&lt; Exit [DeferCleanup (Each)] MCP Gateway Registration Happy Path - /root/rhcl/mcp-gateway/tests/e2e/suite_test.go:255 @ 09/02/26 06:42:23.072 (0s)&#xA;</system-err>
          </testcase>
          <testcase name="[It] MCP Gateway Registration Happy Path [Happy] should send list_changed notifications to connected clients when a server with tools and prompts is registered" classname="MCP Gateway E2E Suite" status="failed" time="121.844292851">
              <failure message="Timed out after 120.001s.&#xA;The function passed to Eventually failed at /root/rhcl/mcp-gateway/tests/e2e/suite_test.go:243 with:&#xA;Unexpected error:&#xA;    &lt;*fmt.wrapError | 0x565139f9a7a0&gt;: &#xA;    calling &#34;initialize&#34;: sending &#34;initialize&#34;: failed to connect (session ID: ): session not found&#xA;    {&#xA;        msg: &#34;calling \&#34;initialize\&#34;: sending \&#34;initialize\&#34;: failed to connect (session ID: ): session not found&#34;,&#xA;        err: &lt;*fmt.wrapError | 0x565139f9a760&gt;{&#xA;            msg: &#34;sending \&#34;initialize\&#34;: failed to connect (session ID: ): session not found&#34;,&#xA;            err: &lt;*errors.errorString | 0x120e21c0&gt;{&#xA;                s: &#34;session not found&#34;,&#xA;            },&#xA;        },&#xA;    }&#xA;occurred" type="failed">[FAILED] Timed out after 120.001s.&#xA;The function passed to Eventually failed at /root/rhcl/mcp-gateway/tests/e2e/suite_test.go:243 with:&#xA;Unexpected error:&#xA;    &lt;*fmt.wrapError | 0x565139f9a7a0&gt;: &#xA;    calling &#34;initialize&#34;: sending &#34;initialize&#34;: failed to connect (session ID: ): session not found&#xA;    {&#xA;        msg: &#34;calling \&#34;initialize\&#34;: sending \&#34;initialize\&#34;: failed to connect (session ID: ): session not found&#34;,&#xA;        err: &lt;*fmt.wrapError | 0x565139f9a760&gt;{&#xA;            msg: &#34;sending \&#34;initialize\&#34;: failed to connect (session ID: ): session not found&#34;,&#xA;            err: &lt;*errors.errorString | 0x120e21c0&gt;{&#xA;                s: &#34;session not found&#34;,&#xA;            },&#xA;        },&#xA;    }&#xA;occurred&#xA;In [It] at: /root/rhcl/mcp-gateway/tests/e2e/suite_test.go:244 @ 09/02/26 06:44:23.074&#xA;</failure>
              <system-err>&gt; Enter [It] [Happy] should send list_changed notifications to connected clients when a server with tools and prompts is registered - /root/rhcl/mcp-gateway/tests/e2e/happy_path_test.go:674 @ 09/02/26 06:42:23.073&#xA;[FAILED] Timed out after 120.001s.&#xA;The function passed to Eventually failed at /root/rhcl/mcp-gateway/tests/e2e/suite_test.go:243 with:&#xA;Unexpected error:&#xA;    &lt;*fmt.wrapError | 0x565139f9a7a0&gt;: &#xA;    calling &#34;initialize&#34;: sending &#34;initialize&#34;: failed to connect (session ID: ): session not found&#xA;    {&#xA;        msg: &#34;calling \&#34;initialize\&#34;: sending \&#34;initialize\&#34;: failed to connect (session ID: ): session not found&#34;,&#xA;        err: &lt;*fmt.wrapError | 0x565139f9a760&gt;{&#xA;            msg: &#34;sending \&#34;initialize\&#34;: failed to connect (session ID: ): session not found&#34;,&#xA;            err: &lt;*errors.errorString | 0x120e21c0&gt;{&#xA;                s: &#34;session not found&#34;,&#xA;            },&#xA;        },&#xA;    }&#xA;occurred&#xA;In [It] at: /root/rhcl/mcp-gateway/tests/e2e/suite_test.go:244 @ 09/02/26 06:44:23.074&#xA;&lt; Exit [It] [Happy] should send list_changed notifications to connected clients when a server with tools and prompts is registered - /root/rhcl/mcp-gateway/tests/e2e/happy_path_test.go:674 @ 09/02/26 06:44:23.075 (2m0.001s)&#xA;&gt; Enter [JustAfterEach] MCP Gateway Registration Happy Path - /root/rhcl/mcp-gateway/tests/e2e/happy_path_test.go:30 @ 09/02/26 06:44:23.075&#xA;cluster state dumped to: /tmp/e2e-cluster-dump-2332794708.txt&#xA;&lt; Exit [JustAfterEach] MCP Gateway Registration Happy Path - /root/rhcl/mcp-gateway/tests/e2e/happy_path_test.go:30 @ 09/02/26 06:44:24.917 (1.842s)&#xA;&gt; Enter [DeferCleanup (Each)] MCP Gateway Registration Happy Path - /root/rhcl/mcp-gateway/tests/e2e/suite_test.go:255 @ 09/02/26 06:44:24.917&#xA;&lt; Exit [DeferCleanup (Each)] MCP Gateway Registration Happy Path - /root/rhcl/mcp-gateway/tests/e2e/suite_test.go:255 @ 09/02/26 06:44:24.917 (0s)&#xA;</system-err>
          </testcase>
          <testcase name="[It] MCP Gateway Registration Happy Path [Happy] should forward notifications/tools/list_changed from backend MCP server to connected clients" classname="MCP Gateway E2E Suite" status="failed" time="121.861721669">
              <failure message="Timed out after 120.001s.&#xA;The function passed to Eventually failed at /root/rhcl/mcp-gateway/tests/e2e/suite_test.go:243 with:&#xA;Unexpected error:&#xA;    &lt;*fmt.wrapError | 0x56513a6a7540&gt;: &#xA;    calling &#34;initialize&#34;: sending &#34;initialize&#34;: failed to connect (session ID: ): session not found&#xA;    {&#xA;        msg: &#34;calling \&#34;initialize\&#34;: sending \&#34;initialize\&#34;: failed to connect (session ID: ): session not found&#34;,&#xA;        err: &lt;*fmt.wrapError | 0x56513a6a7500&gt;{&#xA;            msg: &#34;sending \&#34;initialize\&#34;: failed to connect (session ID: ): session not found&#34;,&#xA;            err: &lt;*errors.errorString | 0x120e21c0&gt;{&#xA;                s: &#34;session not found&#34;,&#xA;            },&#xA;        },&#xA;    }&#xA;occurred" type="failed">[FAILED] Timed out after 120.001s.&#xA;The function passed to Eventually failed at /root/rhcl/mcp-gateway/tests/e2e/suite_test.go:243 with:&#xA;Unexpected error:&#xA;    &lt;*fmt.wrapError | 0x56513a6a7540&gt;: &#xA;    calling &#34;initialize&#34;: sending &#34;initialize&#34;: failed to connect (session ID: ): session not found&#xA;    {&#xA;        msg: &#34;calling \&#34;initialize\&#34;: sending \&#34;initialize\&#34;: failed to connect (session ID: ): session not found&#34;,&#xA;        err: &lt;*fmt.wrapError | 0x56513a6a7500&gt;{&#xA;            msg: &#34;sending \&#34;initialize\&#34;: failed to connect (session ID: ): session not found&#34;,&#xA;            err: &lt;*errors.errorString | 0x120e21c0&gt;{&#xA;                s: &#34;session not found&#34;,&#xA;            },&#xA;        },&#xA;    }&#xA;occurred&#xA;In [It] at: /root/rhcl/mcp-gateway/tests/e2e/suite_test.go:244 @ 09/02/26 06:46:24.92&#xA;</failure>
              <system-err>&gt; Enter [It] [Happy] should forward notifications/tools/list_changed from backend MCP server to connected clients - /root/rhcl/mcp-gateway/tests/e2e/happy_path_test.go:741 @ 09/02/26 06:44:24.918&#xA;[FAILED] Timed out after 120.001s.&#xA;The function passed to Eventually failed at /root/rhcl/mcp-gateway/tests/e2e/suite_test.go:243 with:&#xA;Unexpected error:&#xA;    &lt;*fmt.wrapError | 0x56513a6a7540&gt;: &#xA;    calling &#34;initialize&#34;: sending &#34;initialize&#34;: failed to connect (session ID: ): session not found&#xA;    {&#xA;        msg: &#34;calling \&#34;initialize\&#34;: sending \&#34;initialize\&#34;: failed to connect (session ID: ): session not found&#34;,&#xA;        err: &lt;*fmt.wrapError | 0x56513a6a7500&gt;{&#xA;            msg: &#34;sending \&#34;initialize\&#34;: failed to connect (session ID: ): session not found&#34;,&#xA;            err: &lt;*errors.errorString | 0x120e21c0&gt;{&#xA;                s: &#34;session not found&#34;,&#xA;            },&#xA;        },&#xA;    }&#xA;occurred&#xA;In [It] at: /root/rhcl/mcp-gateway/tests/e2e/suite_test.go:244 @ 09/02/26 06:46:24.92&#xA;&lt; Exit [It] [Happy] should forward notifications/tools/list_changed from backend MCP server to connected clients - /root/rhcl/mcp-gateway/tests/e2e/happy_path_test.go:741 @ 09/02/26 06:46:24.92 (2m0.001s)&#xA;&gt; Enter [JustAfterEach] MCP Gateway Registration Happy Path - /root/rhcl/mcp-gateway/tests/e2e/happy_path_test.go:30 @ 09/02/26 06:46:24.92&#xA;cluster state dumped to: /tmp/e2e-cluster-dump-3736880387.txt&#xA;&lt; Exit [JustAfterEach] MCP Gateway Registration Happy Path - /root/rhcl/mcp-gateway/tests/e2e/happy_path_test.go:30 @ 09/02/26 06:46:26.78 (1.86s)&#xA;&gt; Enter [DeferCleanup (Each)] MCP Gateway Registration Happy Path - /root/rhcl/mcp-gateway/tests/e2e/suite_test.go:255 @ 09/02/26 06:46:26.78&#xA;&lt; Exit [DeferCleanup (Each)] MCP Gateway Registration Happy Path - /root/rhcl/mcp-gateway/tests/e2e/suite_test.go:255 @ 09/02/26 06:46:26.78 (0s)&#xA;</system-err>
          </testcase>
          <testcase name="[It] MCP Gateway Registration Happy Path [Happy] should register MCP server via Hostname backendRef" classname="MCP Gateway E2E Suite" status="passed" time="1.108938639">
              <system-err>&gt; Enter [It] [Happy] should register MCP server via Hostname backendRef - /root/rhcl/mcp-gateway/tests/e2e/happy_path_test.go:997 @ 09/02/26 06:46:26.781&#xA;STEP: Creating ServiceEntry, DestinationRule, HTTPRoute with Hostname backendRef, and MCPServerRegistration - /root/rhcl/mcp-gateway/tests/e2e/happy_path_test.go:1006 @ 09/02/26 06:46:26.781&#xA;creating ServiceEntry e2e-se-hostname-backend-f8c2a698&#xA;creating DestinationRule e2e-dr-hostname-backend-863b78f3&#xA;creating HTTPRoute e2e-route-hostname-backend-f42be6f8&#xA;creating MCPServerRegistration e2e-mcp-hostname-backend-998f8554&#xA;STEP: Verifying controller processed MCPServerRegistration (has status condition) - /root/rhcl/mcp-gateway/tests/e2e/happy_path_test.go:1011 @ 09/02/26 06:46:26.85&#xA;&lt; Exit [It] [Happy] should register MCP server via Hostname backendRef - /root/rhcl/mcp-gateway/tests/e2e/happy_path_test.go:997 @ 09/02/26 06:46:27.859 (1.078s)&#xA;&gt; Enter [JustAfterEach] MCP Gateway Registration Happy Path - /root/rhcl/mcp-gateway/tests/e2e/happy_path_test.go:30 @ 09/02/26 06:46:27.859&#xA;&lt; Exit [JustAfterEach] MCP Gateway Registration Happy Path - /root/rhcl/mcp-gateway/tests/e2e/happy_path_test.go:30 @ 09/02/26 06:46:27.859 (0s)&#xA;&gt; Enter [DeferCleanup (Each)] MCP Gateway Registration Happy Path - /root/rhcl/mcp-gateway/tests/e2e/suite_test.go:255 @ 09/02/26 06:46:27.859&#xA;&lt; Exit [DeferCleanup (Each)] MCP Gateway Registration Happy Path - /root/rhcl/mcp-gateway/tests/e2e/suite_test.go:255 @ 09/02/26 06:46:27.89 (30ms)&#xA;</system-err>
          </testcase>
          <testcase name="[It] MCP Gateway Registration Happy Path [Full] should become Ready even with invalid protocol version" classname="MCP Gateway E2E Suite" status="passed" time="3.062699165">
              <system-err>&gt; Enter [It] [Full] should become Ready even with invalid protocol version - /root/rhcl/mcp-gateway/tests/e2e/happy_path_test.go:1017 @ 09/02/26 06:46:27.891&#xA;STEP: Creating an MCPServerRegistration pointing to the broken server with wrong protocol version - /root/rhcl/mcp-gateway/tests/e2e/happy_path_test.go:1026 @ 09/02/26 06:46:27.891&#xA;creating HTTPRoute e2e-route-protocol-status-test-28d68b08&#xA;creating MCPServerRegistration e2e-mcp-protocol-status-test-313e928d&#xA;STEP: Verifying MCPServerRegistration becomes Ready (controller wrote config, route programmed) - /root/rhcl/mcp-gateway/tests/e2e/happy_path_test.go:1032 @ 09/02/26 06:46:27.909&#xA;&lt; Exit [It] [Full] should become Ready even with invalid protocol version - /root/rhcl/mcp-gateway/tests/e2e/happy_path_test.go:1017 @ 09/02/26 06:46:30.936 (3.045s)&#xA;&gt; Enter [JustAfterEach] MCP Gateway Registration Happy Path - /root/rhcl/mcp-gateway/tests/e2e/happy_path_test.go:30 @ 09/02/26 06:46:30.936&#xA;&lt; Exit [JustAfterEach] MCP Gateway Registration Happy Path - /root/rhcl/mcp-gateway/tests/e2e/happy_path_test.go:30 @ 09/02/26 06:46:30.936 (0s)&#xA;&gt; Enter [DeferCleanup (Each)] MCP Gateway Registration Happy Path - /root/rhcl/mcp-gateway/tests/e2e/suite_test.go:255 @ 09/02/26 06:46:30.936&#xA;&lt; Exit [DeferCleanup (Each)] MCP Gateway Registration Happy Path - /root/rhcl/mcp-gateway/tests/e2e/suite_test.go:255 @ 09/02/26 06:46:30.953 (17ms)&#xA;</system-err>
          </testcase>
          <testcase name="[It] MCP Gateway Registration Happy Path [Happy] should reject the second registration when an exact-duplicate prefix conflicts" classname="MCP Gateway E2E Suite" status="failed" time="304.970350944">
              <failure message="Timed out after 300.001s.&#xA;The function passed to Eventually failed at /root/rhcl/mcp-gateway/tests/e2e/happy_path_test.go:1067 with:&#xA;Expected&#xA;    &lt;*errors.errorString | 0x56513b9a9e00&gt;: &#xA;    MCPServerRegistration mcp-test/e2e-mcp-conflict-test-1-551c24e2 not ready: no matching mcpgatewayextensions for attached listener&#xA;    {&#xA;        s: &#34;MCPServerRegistration mcp-test/e2e-mcp-conflict-test-1-551c24e2 not ready: no matching mcpgatewayextensions for attached listener&#34;,&#xA;    }&#xA;to be nil" type="failed">[FAILED] Timed out after 300.001s.&#xA;The function passed to Eventually failed at /root/rhcl/mcp-gateway/tests/e2e/happy_path_test.go:1067 with:&#xA;Expected&#xA;    &lt;*errors.errorString | 0x56513b9a9e00&gt;: &#xA;    MCPServerRegistration mcp-test/e2e-mcp-conflict-test-1-551c24e2 not ready: no matching mcpgatewayextensions for attached listener&#xA;    {&#xA;        s: &#34;MCPServerRegistration mcp-test/e2e-mcp-conflict-test-1-551c24e2 not ready: no matching mcpgatewayextensions for attached listener&#34;,&#xA;    }&#xA;to be nil&#xA;In [It] at: /root/go/pkg/mod/github.com/onsi/gomega@v1.40.0/internal/async_assertion.go:149 @ 09/02/26 06:51:34.013&#xA;</failure>
              <system-err>&gt; Enter [It] [Happy] should reject the second registration when an exact-duplicate prefix conflicts - /root/rhcl/mcp-gateway/tests/e2e/happy_path_test.go:1039 @ 09/02/26 06:46:30.954&#xA;STEP: Creating first MCPServerRegistration with a specific prefix pointing to server1 - /root/rhcl/mcp-gateway/tests/e2e/happy_path_test.go:1048 @ 09/02/26 06:46:30.954&#xA;creating HTTPRoute e2e-route-conflict-test-1-a47e3f36&#xA;creating MCPServerRegistration e2e-mcp-conflict-test-1-551c24e2&#xA;STEP: Ensuring first server becomes ready - /root/rhcl/mcp-gateway/tests/e2e/happy_path_test.go:1054 @ 09/02/26 06:46:30.97&#xA;STEP: Creating second MCPServerRegistration with the SAME prefix pointing to server1 via a different hostname - /root/rhcl/mcp-gateway/tests/e2e/happy_path_test.go:1059 @ 09/02/26 06:46:33.996&#xA;creating HTTPRoute e2e-route-conflict-test-2-ebb5383c&#xA;creating MCPServerRegistration e2e-mcp-conflict-test-2-76ccd43d&#xA;STEP: Verifying the first registration stays Ready and the second is rejected as a prefix conflict - /root/rhcl/mcp-gateway/tests/e2e/happy_path_test.go:1065 @ 09/02/26 06:46:34.012&#xA;[FAILED] Timed out after 300.001s.&#xA;The function passed to Eventually failed at /root/rhcl/mcp-gateway/tests/e2e/happy_path_test.go:1067 with:&#xA;Expected&#xA;    &lt;*errors.errorString | 0x56513b9a9e00&gt;: &#xA;    MCPServerRegistration mcp-test/e2e-mcp-conflict-test-1-551c24e2 not ready: no matching mcpgatewayextensions for attached listener&#xA;    {&#xA;        s: &#34;MCPServerRegistration mcp-test/e2e-mcp-conflict-test-1-551c24e2 not ready: no matching mcpgatewayextensions for attached listener&#34;,&#xA;    }&#xA;to be nil&#xA;In [It] at: /root/go/pkg/mod/github.com/onsi/gomega@v1.40.0/internal/async_assertion.go:149 @ 09/02/26 06:51:34.013&#xA;&lt; Exit [It] [Happy] should reject the second registration when an exact-duplicate prefix conflicts - /root/rhcl/mcp-gateway/tests/e2e/happy_path_test.go:1039 @ 09/02/26 06:51:34.013 (5m3.059s)&#xA;&gt; Enter [JustAfterEach] MCP Gateway Registration Happy Path - /root/rhcl/mcp-gateway/tests/e2e/happy_path_test.go:30 @ 09/02/26 06:51:34.013&#xA;cluster state dumped to: /tmp/e2e-cluster-dump-2117627690.txt&#xA;&lt; Exit [JustAfterEach] MCP Gateway Registration Happy Path - /root/rhcl/mcp-gateway/tests/e2e/happy_path_test.go:30 @ 09/02/26 06:51:35.89 (1.877s)&#xA;&gt; Enter [DeferCleanup (Each)] MCP Gateway Registration Happy Path - /root/rhcl/mcp-gateway/tests/e2e/suite_test.go:255 @ 09/02/26 06:51:35.891&#xA;&lt; Exit [DeferCleanup (Each)] MCP Gateway Registration Happy Path - /root/rhcl/mcp-gateway/tests/e2e/suite_test.go:255 @ 09/02/26 06:51:35.924 (34ms)&#xA;</system-err>
          </testcase>
          <testcase name="[It] MCP Gateway Registration Happy Path [Full] should allow multiple MCP Servers without prefixes" classname="MCP Gateway E2E Suite" status="failed" time="121.865170946">
              <failure message="Timed out after 120.001s.&#xA;The function passed to Eventually failed at /root/rhcl/mcp-gateway/tests/e2e/suite_test.go:243 with:&#xA;Unexpected error:&#xA;    &lt;*fmt.wrapError | 0x56513b6d4720&gt;: &#xA;    calling &#34;initialize&#34;: sending &#34;initialize&#34;: failed to connect (session ID: ): session not found&#xA;    {&#xA;        msg: &#34;calling \&#34;initialize\&#34;: sending \&#34;initialize\&#34;: failed to connect (session ID: ): session not found&#34;,&#xA;        err: &lt;*fmt.wrapError | 0x56513b6d46e0&gt;{&#xA;            msg: &#34;sending \&#34;initialize\&#34;: failed to connect (session ID: ): session not found&#34;,&#xA;            err: &lt;*errors.errorString | 0x120e21c0&gt;{&#xA;                s: &#34;session not found&#34;,&#xA;            },&#xA;        },&#xA;    }&#xA;occurred" type="failed">[FAILED] Timed out after 120.001s.&#xA;The function passed to Eventually failed at /root/rhcl/mcp-gateway/tests/e2e/suite_test.go:243 with:&#xA;Unexpected error:&#xA;    &lt;*fmt.wrapError | 0x56513b6d4720&gt;: &#xA;    calling &#34;initialize&#34;: sending &#34;initialize&#34;: failed to connect (session ID: ): session not found&#xA;    {&#xA;        msg: &#34;calling \&#34;initialize\&#34;: sending \&#34;initialize\&#34;: failed to connect (session ID: ): session not found&#34;,&#xA;        err: &lt;*fmt.wrapError | 0x56513b6d46e0&gt;{&#xA;            msg: &#34;sending \&#34;initialize\&#34;: failed to connect (session ID: ): session not found&#34;,&#xA;            err: &lt;*errors.errorString | 0x120e21c0&gt;{&#xA;                s: &#34;session not found&#34;,&#xA;            },&#xA;        },&#xA;    }&#xA;occurred&#xA;In [It] at: /root/rhcl/mcp-gateway/tests/e2e/suite_test.go:244 @ 09/02/26 06:53:35.926&#xA;</failure>
[...]
 scope on re-select, and resets on empty list - /root/rhcl/mcp-gateway/tests/e2e/tool_discovery_test.go:341 @ 09/02/26 07:17:09.423&#xA;STEP: registering a server - /root/rhcl/mcp-gateway/tests/e2e/tool_discovery_test.go:342 @ 09/02/26 07:17:09.423&#xA;creating ReferenceGrant e2e-refgrant-select-scope-670a183c&#xA;creating HTTPRoute e2e-route-select-scope-edcfe58e&#xA;creating MCPServerRegistration e2e-mcp-select-scope-c41915c2&#xA;STEP: establishing a raw session - /root/rhcl/mcp-gateway/tests/e2e/tool_discovery_test.go:359 @ 09/02/26 07:17:12.494&#xA;STEP: waiting for tools to appear and recording the full tool count - /root/rhcl/mcp-gateway/tests/e2e/tool_discovery_test.go:364 @ 09/02/26 07:17:12.506&#xA;STEP: calling select_tools with one tool - /root/rhcl/mcp-gateway/tests/e2e/tool_discovery_test.go:383 @ 09/02/26 07:18:19.137&#xA;STEP: verifying subsequent tools/list returns only the selected tool (plus meta-tools) - /root/rhcl/mcp-gateway/tests/e2e/tool_discovery_test.go:389 @ 09/02/26 07:18:19.142&#xA;STEP: re-scoping to a different tool - /root/rhcl/mcp-gateway/tests/e2e/tool_discovery_test.go:402 @ 09/02/26 07:18:19.145&#xA;STEP: verifying only the re-scoped tool (and meta-tools) is now in tools/list - /root/rhcl/mcp-gateway/tests/e2e/tool_discovery_test.go:408 @ 09/02/26 07:18:19.147&#xA;STEP: resetting scope with empty list - /root/rhcl/mcp-gateway/tests/e2e/tool_discovery_test.go:421 @ 09/02/26 07:18:19.15&#xA;STEP: verifying full tool set is restored - /root/rhcl/mcp-gateway/tests/e2e/tool_discovery_test.go:427 @ 09/02/26 07:18:19.154&#xA;&lt; Exit [It] scopes tools/list to the selection, replaces the scope on re-select, and resets on empty list - /root/rhcl/mcp-gateway/tests/e2e/tool_discovery_test.go:341 @ 09/02/26 07:18:19.158 (1m9.734s)&#xA;&gt; Enter [JustAfterEach] Tool Discovery - /root/rhcl/mcp-gateway/tests/e2e/tool_discovery_test.go:98 @ 09/02/26 07:18:19.158&#xA;&lt; Exit [JustAfterEach] Tool Discovery - /root/rhcl/mcp-gateway/tests/e2e/tool_discovery_test.go:98 @ 09/02/26 07:18:19.158 (0s)&#xA;&gt; Enter [AfterEach] Tool Discovery - /root/rhcl/mcp-gateway/tests/e2e/tool_discovery_test.go:88 @ 09/02/26 07:18:19.158&#xA;&lt; Exit [AfterEach] Tool Discovery - /root/rhcl/mcp-gateway/tests/e2e/tool_discovery_test.go:88 @ 09/02/26 07:18:19.229 (71ms)&#xA;</system-err>
          </testcase>
          <testcase name="[It] Tool Discovery select_tools returns error for invalid tool name (all-or-nothing)" classname="MCP Gateway E2E Suite" status="passed" time="0.341572654">
              <system-err>&gt; Enter [It] returns error for invalid tool name (all-or-nothing) - /root/rhcl/mcp-gateway/tests/e2e/tool_discovery_test.go:435 @ 09/02/26 07:18:19.23&#xA;STEP: establishing a raw session - /root/rhcl/mcp-gateway/tests/e2e/tool_discovery_test.go:436 @ 09/02/26 07:18:19.23&#xA;STEP: calling select_tools with an invalid tool name - /root/rhcl/mcp-gateway/tests/e2e/tool_discovery_test.go:441 @ 09/02/26 07:18:19.236&#xA;&lt; Exit [It] returns error for invalid tool name (all-or-nothing) - /root/rhcl/mcp-gateway/tests/e2e/tool_discovery_test.go:435 @ 09/02/26 07:18:19.24 (11ms)&#xA;&gt; Enter [JustAfterEach] Tool Discovery - /root/rhcl/mcp-gateway/tests/e2e/tool_discovery_test.go:98 @ 09/02/26 07:18:19.241&#xA;&lt; Exit [JustAfterEach] Tool Discovery - /root/rhcl/mcp-gateway/tests/e2e/tool_discovery_test.go:98 @ 09/02/26 07:18:19.241 (0s)&#xA;&gt; Enter [AfterEach] Tool Discovery - /root/rhcl/mcp-gateway/tests/e2e/tool_discovery_test.go:88 @ 09/02/26 07:18:19.241&#xA;&lt; Exit [AfterEach] Tool Discovery - /root/rhcl/mcp-gateway/tests/e2e/tool_discovery_test.go:88 @ 09/02/26 07:18:19.571 (330ms)&#xA;</system-err>
          </testcase>
          <testcase name="[It] Tool Discovery select_tools fails entirely when partial valid list contains one invalid tool" classname="MCP Gateway E2E Suite" status="passed" time="84.331208721">
              <system-err>&gt; Enter [It] fails entirely when partial valid list contains one invalid tool - /root/rhcl/mcp-gateway/tests/e2e/tool_discovery_test.go:449 @ 09/02/26 07:18:19.572&#xA;STEP: registering a server - /root/rhcl/mcp-gateway/tests/e2e/tool_discovery_test.go:450 @ 09/02/26 07:18:19.572&#xA;creating ReferenceGrant e2e-refgrant-select-partial-57f299aa&#xA;creating HTTPRoute e2e-route-select-partial-7b4d72d9&#xA;creating MCPServerRegistration e2e-mcp-select-partial-69a6cc8a&#xA;STEP: calling select_tools with one valid and one invalid tool - /root/rhcl/mcp-gateway/tests/e2e/tool_discovery_test.go:484 @ 09/02/26 07:19:43.792&#xA;&lt; Exit [It] fails entirely when partial valid list contains one invalid tool - /root/rhcl/mcp-gateway/tests/e2e/tool_discovery_test.go:449 @ 09/02/26 07:19:43.798 (1m24.226s)&#xA;&gt; Enter [JustAfterEach] Tool Discovery - /root/rhcl/mcp-gateway/tests/e2e/tool_discovery_test.go:98 @ 09/02/26 07:19:43.798&#xA;&lt; Exit [JustAfterEach] Tool Discovery - /root/rhcl/mcp-gateway/tests/e2e/tool_discovery_test.go:98 @ 09/02/26 07:19:43.798 (0s)&#xA;&gt; Enter [AfterEach] Tool Discovery - /root/rhcl/mcp-gateway/tests/e2e/tool_discovery_test.go:88 @ 09/02/26 07:19:43.798&#xA;&lt; Exit [AfterEach] Tool Discovery - /root/rhcl/mcp-gateway/tests/e2e/tool_discovery_test.go:88 @ 09/02/26 07:19:43.903 (105ms)&#xA;</system-err>
          </testcase>
          <testcase name="[It] Tool Discovery notifications delivers notifications/tools/list_changed over SSE after select_tools" classname="MCP Gateway E2E Suite" status="passed" time="83.271545021">
              <system-err>&gt; Enter [It] delivers notifications/tools/list_changed over SSE after select_tools - /root/rhcl/mcp-gateway/tests/e2e/tool_discovery_test.go:496 @ 09/02/26 07:19:43.904&#xA;STEP: registering a server - /root/rhcl/mcp-gateway/tests/e2e/tool_discovery_test.go:497 @ 09/02/26 07:19:43.904&#xA;creating ReferenceGrant e2e-refgrant-notif-select-32da4261&#xA;creating HTTPRoute e2e-route-notif-select-095c48c3&#xA;creating MCPServerRegistration e2e-mcp-notif-select-f5ad818b&#xA;STEP: verifying notification was received - /root/rhcl/mcp-gateway/tests/e2e/tool_discovery_test.go:536 @ 09/02/26 07:21:07.036&#xA;&lt; Exit [It] delivers notifications/tools/list_changed over SSE after select_tools - /root/rhcl/mcp-gateway/tests/e2e/tool_discovery_test.go:496 @ 09/02/26 07:21:07.038 (1m23.134s)&#xA;&gt; Enter [JustAfterEach] Tool Discovery - /root/rhcl/mcp-gateway/tests/e2e/tool_discovery_test.go:98 @ 09/02/26 07:21:07.038&#xA;&lt; Exit [JustAfterEach] Tool Discovery - /root/rhcl/mcp-gateway/tests/e2e/tool_discovery_test.go:98 @ 09/02/26 07:21:07.038 (0s)&#xA;&gt; Enter [AfterEach] Tool Discovery - /root/rhcl/mcp-gateway/tests/e2e/tool_discovery_test.go:88 @ 09/02/26 07:21:07.038&#xA;&lt; Exit [AfterEach] Tool Discovery - /root/rhcl/mcp-gateway/tests/e2e/tool_discovery_test.go:88 @ 09/02/26 07:21:07.175 (137ms)&#xA;</system-err>
          </testcase>
          <testcase name="[It] Tool Discovery flags [Full] hides meta-tools when discovery-tools-enabled=false" classname="MCP Gateway E2E Suite" status="passed" time="26.675457309">
              <system-err>&gt; Enter [It] [Full] hides meta-tools when discovery-tools-enabled=false - /root/rhcl/mcp-gateway/tests/e2e/tool_discovery_test.go:543 @ 09/02/26 07:21:07.176&#xA;STEP: adding --discovery-tools-enabled=false flag to deployment - /root/rhcl/mcp-gateway/tests/e2e/tool_discovery_test.go:546 @ 09/02/26 07:21:07.176&#xA;STEP: waiting for rollout to complete - /root/rhcl/mcp-gateway/tests/e2e/tool_discovery_test.go:560 @ 09/02/26 07:21:07.318&#xA;STEP: connecting a fresh client after restart - /root/rhcl/mcp-gateway/tests/e2e/tool_discovery_test.go:563 @ 09/02/26 07:21:20.286&#xA;STEP: verifying discover_tools and select_tools are not in tools/list - /root/rhcl/mcp-gateway/tests/e2e/tool_discovery_test.go:572 @ 09/02/26 07:21:21.32&#xA;STEP: calling discover_tools should return an error - /root/rhcl/mcp-gateway/tests/e2e/tool_discovery_test.go:582 @ 09/02/26 07:21:21.323&#xA;&lt; Exit [It] [Full] hides meta-tools when discovery-tools-enabled=false - /root/rhcl/mcp-gateway/tests/e2e/tool_discovery_test.go:543 @ 09/02/26 07:21:21.336 (14.16s)&#xA;&gt; Enter [JustAfterEach] Tool Discovery - /root/rhcl/mcp-gateway/tests/e2e/tool_discovery_test.go:98 @ 09/02/26 07:21:21.337&#xA;&lt; Exit [JustAfterEach] Tool Discovery - /root/rhcl/mcp-gateway/tests/e2e/tool_discovery_test.go:98 @ 09/02/26 07:21:21.337 (0s)&#xA;&gt; Enter [AfterEach] Tool Discovery - /root/rhcl/mcp-gateway/tests/e2e/tool_discovery_test.go:88 @ 09/02/26 07:21:21.337&#xA;&lt; Exit [AfterEach] Tool Discovery - /root/rhcl/mcp-gateway/tests/e2e/tool_discovery_test.go:88 @ 09/02/26 07:21:21.4 (63ms)&#xA;&gt; Enter [DeferCleanup (Each)] flags - /root/rhcl/mcp-gateway/tests/e2e/tool_discovery_test.go:549 @ 09/02/26 07:21:21.4&#xA;STEP: removing --discovery-tools-enabled=false flag (best-effort cleanup) - /root/rhcl/mcp-gateway/tests/e2e/tool_discovery_test.go:550 @ 09/02/26 07:21:21.4&#xA;&lt; Exit [DeferCleanup (Each)] flags - /root/rhcl/mcp-gateway/tests/e2e/tool_discovery_test.go:549 @ 09/02/26 07:21:33.852 (12.452s)&#xA;</system-err>
          </testcase>
          <testcase name="[It] Tool Discovery flags [Full] threshold=0 means never hide (all tools visible alongside meta-tools)" classname="MCP Gateway E2E Suite" status="passed" time="73.26434799">
              <system-err>&gt; Enter [It] [Full] threshold=0 means never hide (all tools visible alongside meta-tools) - /root/rhcl/mcp-gateway/tests/e2e/tool_discovery_test.go:589 @ 09/02/26 07:21:33.853&#xA;STEP: registering a server - /root/rhcl/mcp-gateway/tests/e2e/tool_discovery_test.go:590 @ 09/02/26 07:21:33.853&#xA;creating ReferenceGrant e2e-refgrant-thresh-zero-0a91024a&#xA;creating HTTPRoute e2e-route-thresh-zero-5249ef92&#xA;creating MCPServerRegistration e2e-mcp-thresh-zero-37ee9272&#xA;STEP: verifying both real tools and meta-tools are visible - /root/rhcl/mcp-gateway/tests/e2e/tool_discovery_test.go:611 @ 09/02/26 07:21:34.92&#xA;&lt; Exit [It] [Full] threshold=0 means never hide (all tools visible alongside meta-tools) - /root/rhcl/mcp-gateway/tests/e2e/tool_discovery_test.go:589 @ 09/02/26 07:22:46.707 (1m12.855s)&#xA;&gt; Enter [JustAfterEach] Tool Discovery - /root/rhcl/mcp-gateway/tests/e2e/tool_discovery_test.go:98 @ 09/02/26 07:22:46.707&#xA;&lt; Exit [JustAfterEach] Tool Discovery - /root/rhcl/mcp-gateway/tests/e2e/tool_discovery_test.go:98 @ 09/02/26 07:22:46.707 (0s)&#xA;&gt; Enter [AfterEach] Tool Discovery - /root/rhcl/mcp-gateway/tests/e2e/tool_discovery_test.go:88 @ 09/02/26 07:22:46.708&#xA;&lt; Exit [AfterEach] Tool Discovery - /root/rhcl/mcp-gateway/tests/e2e/tool_discovery_test.go:88 @ 09/02/26 07:22:47.117 (409ms)&#xA;</system-err>
          </testcase>
          <testcase name="[It] Tool Discovery threshold [Full] above threshold: only meta-tools shown; below threshold: all tools visible" classname="MCP Gateway E2E Suite" status="passed" time="28.874915504">
              <system-err>&gt; Enter [It] [Full] above threshold: only meta-tools shown; below threshold: all tools visible - /root/rhcl/mcp-gateway/tests/e2e/tool_discovery_test.go:630 @ 09/02/26 07:22:47.118&#xA;STEP: registering a server so we have tools to count - /root/rhcl/mcp-gateway/tests/e2e/tool_discovery_test.go:633 @ 09/02/26 07:22:47.118&#xA;creating ReferenceGrant e2e-refgrant-thresh-test-de54cf94&#xA;creating HTTPRoute e2e-route-thresh-test-b059052b&#xA;creating MCPServerRegistration e2e-mcp-thresh-test-f6d8b9a0&#xA;STEP: setting --discovery-tool-threshold=1 - /root/rhcl/mcp-gateway/tests/e2e/tool_discovery_test.go:650 @ 09/02/26 07:22:48.245&#xA;STEP: verifying only meta-tools are shown (above threshold) - /root/rhcl/mcp-gateway/tests/e2e/tool_discovery_test.go:669 @ 09/02/26 07:23:02.428&#xA;STEP: using select_tools to scope down, tools should become visible - /root/rhcl/mcp-gateway/tests/e2e/tool_discovery_test.go:682 @ 09/02/26 07:23:02.431&#xA;&lt; Exit [It] [Full] above threshold: only meta-tools shown; below threshold: all tools visible - /root/rhcl/mcp-gateway/tests/e2e/tool_discovery_test.go:630 @ 09/02/26 07:23:02.438 (15.321s)&#xA;&gt; Enter [JustAfterEach] Tool Discovery - /root/rhcl/mcp-gateway/tests/e2e/tool_discovery_test.go:98 @ 09/02/26 07:23:02.439&#xA;&lt; Exit [JustAfterEach] Tool Discovery - /root/rhcl/mcp-gateway/tests/e2e/tool_discovery_test.go:98 @ 09/02/26 07:23:02.439 (0s)&#xA;&gt; Enter [AfterEach] Tool Discovery - /root/rhcl/mcp-gateway/tests/e2e/tool_discovery_test.go:88 @ 09/02/26 07:23:02.439&#xA;&lt; Exit [AfterEach] Tool Discovery - /root/rhcl/mcp-gateway/tests/e2e/tool_discovery_test.go:88 @ 09/02/26 07:23:02.613 (175ms)&#xA;&gt; Enter [DeferCleanup (Each)] threshold - /root/rhcl/mcp-gateway/tests/e2e/tool_discovery_test.go:653 @ 09/02/26 07:23:02.614&#xA;STEP: removing threshold flag - /root/rhcl/mcp-gateway/tests/e2e/tool_discovery_test.go:654 @ 09/02/26 07:23:02.614&#xA;&lt; Exit [DeferCleanup (Each)] threshold - /root/rhcl/mcp-gateway/tests/e2e/tool_discovery_test.go:653 @ 09/02/26 07:23:15.992 (13.379s)&#xA;</system-err>
          </testcase>
          <testcase name="[It] Tool Discovery isolation and concurrency session scope does not leak across sessions" classname="MCP Gateway E2E Suite" status="passed" time="80.238980512">
              <system-err>&gt; Enter [It] session scope does not leak across sessions - /root/rhcl/mcp-gateway/tests/e2e/tool_discovery_test.go:702 @ 09/02/26 07:23:15.993&#xA;STEP: registering a server - /root/rhcl/mcp-gateway/tests/e2e/tool_discovery_test.go:703 @ 09/02/26 07:23:15.993&#xA;creating ReferenceGrant e2e-refgrant-iso-test-5c7422a5&#xA;creating HTTPRoute e2e-route-iso-test-a1280d88&#xA;creating MCPServerRegistration e2e-mcp-iso-test-3beaf22b&#xA;STEP: creating two sessions - /root/rhcl/mcp-gateway/tests/e2e/tool_discovery_test.go:720 @ 09/02/26 07:23:17.049&#xA;STEP: scoping session1 to one tool - /root/rhcl/mcp-gateway/tests/e2e/tool_discovery_test.go:742 @ 09/02/26 07:24:35.984&#xA;STEP: verifying session2 still has all tools - /root/rhcl/mcp-gateway/tests/e2e/tool_discovery_test.go:747 @ 09/02/26 07:24:35.988&#xA;&lt; Exit [It] session scope does not leak across sessions - /root/rhcl/mcp-gateway/tests/e2e/tool_discovery_test.go:702 @ 09/02/26 07:24:35.996 (1m20.003s)&#xA;&gt; Enter [JustAfterEach] Tool Discovery - /root/rhcl/mcp-gateway/tests/e2e/tool_discovery_test.go:98 @ 09/02/26 07:24:35.996&#xA;&lt; Exit [JustAfterEach] Tool Discovery - /root/rhcl/mcp-gateway/tests/e2e/tool_discovery_test.go:98 @ 09/02/26 07:24:35.996 (0s)&#xA;&gt; Enter [AfterEach] Tool Discovery - /root/rhcl/mcp-gateway/tests/e2e/tool_discovery_test.go:88 @ 09/02/26 07:24:35.996&#xA;&lt; Exit [AfterEach] Tool Discovery - /root/rhcl/mcp-gateway/tests/e2e/tool_discovery_test.go:88 @ 09/02/26 07:24:36.232 (236ms)&#xA;</system-err>
          </testcase>
          <testcase name="[It] Tool Discovery isolation and concurrency concurrent select_tools calls on same session do not corrupt state" classname="MCP Gateway E2E Suite" status="passed" time="75.670965973">
              <system-err>&gt; Enter [It] concurrent select_tools calls on same session do not corrupt state - /root/rhcl/mcp-gateway/tests/e2e/tool_discovery_test.go:762 @ 09/02/26 07:24:36.233&#xA;STEP: registering a server - /root/rhcl/mcp-gateway/tests/e2e/tool_discovery_test.go:763 @ 09/02/26 07:24:36.233&#xA;creating ReferenceGrant e2e-refgrant-conc-test-831d6e25&#xA;creating HTTPRoute e2e-route-conc-test-4fc5e5d5&#xA;creating MCPServerRegistration e2e-mcp-conc-test-b9ac5e69&#xA;STEP: firing concurrent select_tools calls - /root/rhcl/mcp-gateway/tests/e2e/tool_discovery_test.go:797 @ 09/02/26 07:25:51.44&#xA;STEP: verifying tools/list returns a consistent state (one of the two scopes) - /root/rhcl/mcp-gateway/tests/e2e/tool_discovery_test.go:819 @ 09/02/26 07:25:51.454&#xA;&lt; Exit [It] concurrent select_tools calls on same session do not corrupt state - /root/rhcl/mcp-gateway/tests/e2e/tool_discovery_test.go:762 @ 09/02/26 07:25:51.458 (1m15.225s)&#xA;&gt; Enter [JustAfterEach] Tool Discovery - /root/rhcl/mcp-gateway/tests/e2e/tool_discovery_test.go:98 @ 09/02/26 07:25:51.458&#xA;&lt; Exit [JustAfterEach] Tool Discovery - /root/rhcl/mcp-gateway/tests/e2e/tool_discovery_test.go:98 @ 09/02/26 07:25:51.458 (0s)&#xA;&gt; Enter [AfterEach] Tool Discovery - /root/rhcl/mcp-gateway/tests/e2e/tool_discovery_test.go:88 @ 09/02/26 07:25:51.458&#xA;&lt; Exit [AfterEach] Tool Discovery - /root/rhcl/mcp-gateway/tests/e2e/tool_discovery_test.go:88 @ 09/02/26 07:25:51.903 (445ms)&#xA;</system-err>
          </testcase>
          <testcase name="[It] Tool Discovery config changes [Full] controller re-reconciles when category and hint are updated" classname="MCP Gateway E2E Suite" status="passed" time="147.748402469">
              <system-err>&gt; Enter [BeforeEach] config changes - /root/rhcl/mcp-gateway/tests/e2e/tool_discovery_test.go:839 @ 09/02/26 07:25:51.904&#xA;&lt; Exit [BeforeEach] config changes - /root/rhcl/mcp-gateway/tests/e2e/tool_discovery_test.go:839 @ 09/02/26 07:25:51.932 (28ms)&#xA;&gt; Enter [It] [Full] controller re-reconciles when category and hint are updated - /root/rhcl/mcp-gateway/tests/e2e/tool_discovery_test.go:843 @ 09/02/26 07:25:51.932&#xA;STEP: registering a server with initial category and hint - /root/rhcl/mcp-gateway/tests/e2e/tool_discovery_test.go:844 @ 09/02/26 07:25:51.932&#xA;creating ReferenceGrant e2e-refgrant-reconfig-test-aeafb2d7&#xA;creating HTTPRoute e2e-route-reconfig-test-59773584&#xA;creating MCPServerRegistration e2e-mcp-reconfig-test-ffe536e0&#xA;STEP: verifying initial category and hint via discover_tools - /root/rhcl/mcp-gateway/tests/e2e/tool_discovery_test.go:865 @ 09/02/26 07:26:55.081&#xA;STEP: updating category and hint on the live MCPServerRegistration - /root/rhcl/mcp-gateway/tests/e2e/tool_discovery_test.go:881 @ 09/02/26 07:26:55.087&#xA;STEP: waiting for reconciliation to propagate the updated metadata - /root/rhcl/mcp-gateway/tests/e2e/tool_discovery_test.go:893 @ 09/02/26 07:26:55.109&#xA;default notification handler: notifications/tools/list_changed&#xA;default notification handler: notifications/tools/list_changed&#xA;STEP: verifying old category no longer matches - /root/rhcl/mcp-gateway/tests/e2e/tool_discovery_test.go:909 @ 09/02/26 07:28:17.951&#xA;&lt; Exit [It] [Full] controller re-reconciles when category and hint are updated - /root/rhcl/mcp-gateway/tests/e2e/tool_discovery_test.go:843 @ 09/02/26 07:28:17.957 (2m26.025s)&#xA;&gt; Enter [JustAfterEach] Tool Discovery - /root/rhcl/mcp-gateway/tests/e2e/tool_discovery_test.go:98 @ 09/02/26 07:28:17.957&#xA;&lt; Exit [JustAfterEach] Tool Discovery - /root/rhcl/mcp-gateway/tests/e2e/tool_discovery_test.go:98 @ 09/02/26 07:28:17.957 (0s)&#xA;&gt; Enter [AfterEach] Tool Discovery - /root/rhcl/mcp-gateway/tests/e2e/tool_discovery_test.go:88 @ 09/02/26 07:28:17.957&#xA;&lt; Exit [AfterEach] Tool Discovery - /root/rhcl/mcp-gateway/tests/e2e/tool_discovery_test.go:88 @ 09/02/26 07:28:18.619 (662ms)&#xA;&gt; Enter [AfterAll] Tool Discovery - /root/rhcl/mcp-gateway/tests/e2e/tool_discovery_test.go:74 @ 09/02/26 07:28:18.619&#xA;Deleting MCPGatewayExtension mcp-tool-discovery/tool-discovery-ext&#xA;Deleting ReferenceGrant gateway-system/allow-tool-discovery-ext&#xA;Deleting namespace mcp-tool-discovery&#xA;&lt; Exit [AfterAll] Tool Discovery - /root/rhcl/mcp-gateway/tests/e2e/tool_discovery_test.go:74 @ 09/02/26 07:28:19.653 (1.033s)&#xA;</system-err>
          </testcase>
          <testcase name="[SynchronizedAfterSuite]" classname="MCP Gateway E2E Suite" status="passed" time="0.000161196">
              <system-err>&gt; Enter [SynchronizedAfterSuite] TOP-LEVEL - /root/rhcl/mcp-gateway/tests/e2e/suite_test.go:215 @ 09/02/26 07:28:19.654&#xA;&lt; Exit [SynchronizedAfterSuite] TOP-LEVEL - /root/rhcl/mcp-gateway/tests/e2e/suite_test.go:215 @ 09/02/26 07:28:19.654 (0s)&#xA;</system-err>
          </testcase>
      </testsuite>
  </testsuites>